#
# There is insufficient memory for the Java Runtime Environment to continue.
# Native memory allocation (mmap) failed to map 292552704 bytes. Error detail: G1 virtual space
# Possible reasons:
#   The system is out of physical RAM or swap space
#   This process is running with CompressedOops enabled, and the Java Heap may be blocking the growth of the native heap
# Possible solutions:
#   Reduce memory load on the system
#   Increase physical memory or swap space
#   Check if swap backing store is full
#   Decrease Java heap size (-Xmx/-Xms)
#   Decrease number of Java threads
#   Decrease Java thread stack sizes (-Xss)
#   Set larger code cache with -XX:ReservedCodeCacheSize=
#   JVM is running with Unscaled Compressed Oops mode in which the Java heap is
#     placed in the first 4GB address space. The Java Heap base address is the
#     maximum limit for the native heap growth. Please use -XX:HeapBaseMinAddress
#     to set the Java Heap base and to place the Java Heap above 4GB virtual address.
# This output file may be truncated or incomplete.
#
#  Out of Memory Error (os_windows.cpp:3703), pid=12964, tid=10396
#
# JRE version: OpenJDK Runtime Environment (23.0.1+11) (build 23.0.1+11-39)
# Java VM: OpenJDK 64-Bit Server VM (23.0.1+11-39, mixed mode, sharing, tiered, compressed oops, compressed class ptrs, g1 gc, windows-amd64)
# No core dump will be written. Minidumps are not enabled by default on client versions of Windows
#

---------------  S U M M A R Y ------------

Command Line: -javaagent:C:\Program Files\JetBrains\IntelliJ IDEA Community Edition 2024.3.2\lib\idea_rt.jar=53390:C:\Program Files\JetBrains\IntelliJ IDEA Community Edition 2024.3.2\bin -Dfile.encoding=UTF-8 -Dsun.stdout.encoding=UTF-8 -Dsun.stderr.encoding=UTF-8 WebScraperApp

Host: Intel(R) Core(TM) i5-4310U CPU @ 2.00GHz, 4 cores, 3G,  Windows 10 , 64 bit Build 19041 (10.0.19041.3031)
Time: Wed Nov 26 19:31:00 2025 Pakistan Standard Time elapsed time: 101.264282 seconds (0d 0h 1m 41s)

---------------  T H R E A D  ---------------

Current thread (0x0000024ec3e04b50):  VMThread "VM Thread"          [id=10396, stack(0x000000c26d500000,0x000000c26d600000) (1024K)]

Stack: [0x000000c26d500000,0x000000c26d600000]
Native frames: (J=compiled Java code, j=interpreted, Vv=VM code, C=native code)
V  [jvm.dll+0x6e08b9]  (no source info available)
V  [jvm.dll+0x87dc83]  (no source info available)
V  [jvm.dll+0x88010e]  (no source info available)
V  [jvm.dll+0x8807e3]  (no source info available)
V  [jvm.dll+0x27aee6]  (no source info available)
V  [jvm.dll+0x6dd1c5]  (no source info available)
V  [jvm.dll+0x6d104a]  (no source info available)
V  [jvm.dll+0x35b3ea]  (no source info available)
V  [jvm.dll+0x3637f6]  (no source info available)
V  [jvm.dll+0x34fd5e]  (no source info available)
V  [jvm.dll+0x34fff8]  (no source info available)
V  [jvm.dll+0x3289cc]  (no source info available)
V  [jvm.dll+0x328a5a]  (no source info available)
V  [jvm.dll+0x374c92]  (no source info available)
V  [jvm.dll+0x373392]  (no source info available)
V  [jvm.dll+0x3281a7]  (no source info available)
V  [jvm.dll+0x372e58]  (no source info available)
V  [jvm.dll+0x886720]  (no source info available)
V  [jvm.dll+0x887a47]  (no source info available)
V  [jvm.dll+0x887f78]  (no source info available)
V  [jvm.dll+0x888213]  (no source info available)
V  [jvm.dll+0x824f8b]  (no source info available)
V  [jvm.dll+0x6df065]  (no source info available)
C  [ucrtbase.dll+0x21bb2]  (no source info available)
C  [KERNEL32.DLL+0x17614]  (no source info available)
C  [ntdll.dll+0x526f1]  (no source info available)

VM_Operation (0x000000c26ccfd878): G1TryInitiateConcMark, mode: safepoint, requested by thread 0x0000024ec3d4d420


---------------  P R O C E S S  ---------------

Threads class SMR info:
_java_thread_list=0x0000024f24eb27d0, length=21, elements={
0x0000024ec3e1b790, 0x0000024ec3e1c860, 0x0000024ec3e1e7e0, 0x0000024ededa33f0,
0x0000024ededa3e50, 0x0000024ededa48b0, 0x0000024ededa5640, 0x0000024ededa7100,
0x0000024edee7e7e0, 0x0000024f24171b70, 0x0000024f241721e0, 0x0000024f242f11f0,
0x0000024f242f1e40, 0x0000024f242fadc0, 0x0000024f243113e0, 0x0000024ec3d44270,
0x0000024f243c77f0, 0x0000024ec3d4d420, 0x0000024f24896ac0, 0x0000024f24897150,
0x0000024f248977e0
}

Java Threads: ( => current thread )
  0x0000024ec3e1b790 JavaThread "Reference Handler"          daemon [_thread_blocked, id=12928, stack(0x000000c26d600000,0x000000c26d700000) (1024K)]
  0x0000024ec3e1c860 JavaThread "Finalizer"                  daemon [_thread_blocked, id=12380, stack(0x000000c26d700000,0x000000c26d800000) (1024K)]
  0x0000024ec3e1e7e0 JavaThread "Signal Dispatcher"          daemon [_thread_blocked, id=2084, stack(0x000000c26d800000,0x000000c26d900000) (1024K)]
  0x0000024ededa33f0 JavaThread "Attach Listener"            daemon [_thread_blocked, id=13256, stack(0x000000c26d900000,0x000000c26da00000) (1024K)]
  0x0000024ededa3e50 JavaThread "Service Thread"             daemon [_thread_blocked, id=11328, stack(0x000000c26da00000,0x000000c26db00000) (1024K)]
  0x0000024ededa48b0 JavaThread "Monitor Deflation Thread"   daemon [_thread_blocked, id=10708, stack(0x000000c26db00000,0x000000c26dc00000) (1024K)]
  0x0000024ededa5640 JavaThread "C2 CompilerThread0"         daemon [_thread_blocked, id=3088, stack(0x000000c26dc00000,0x000000c26dd00000) (1024K)]
  0x0000024ededa7100 JavaThread "C1 CompilerThread0"         daemon [_thread_blocked, id=9756, stack(0x000000c26dd00000,0x000000c26de00000) (1024K)]
  0x0000024edee7e7e0 JavaThread "Common-Cleaner"             daemon [_thread_blocked, id=13100, stack(0x000000c26de00000,0x000000c26df00000) (1024K)]
  0x0000024f24171b70 JavaThread "Monitor Ctrl-Break"         daemon [_thread_in_native, id=11324, stack(0x000000c26df00000,0x000000c26e000000) (1024K)]
  0x0000024f241721e0 JavaThread "Notification Thread"        daemon [_thread_blocked, id=7184, stack(0x000000c26e000000,0x000000c26e100000) (1024K)]
  0x0000024f242f11f0 JavaThread "Java2D Disposer"            daemon [_thread_blocked, id=1028, stack(0x000000c26e100000,0x000000c26e200000) (1024K)]
  0x0000024f242f1e40 JavaThread "AWT-Shutdown"                      [_thread_blocked, id=12512, stack(0x000000c26e200000,0x000000c26e300000) (1024K)]
  0x0000024f242fadc0 JavaThread "AWT-Windows"                daemon [_thread_blocked, id=1792, stack(0x000000c26e300000,0x000000c26e400000) (1024K)]
  0x0000024f243113e0 JavaThread "AWT-EventQueue-0"                  [_thread_blocked, id=11848, stack(0x000000c26e400000,0x000000c26e500000) (1024K)]
  0x0000024ec3d44270 JavaThread "DestroyJavaVM"                     [_thread_blocked, id=10796, stack(0x000000c26ce00000,0x000000c26cf00000) (1024K)]
  0x0000024f243c77f0 JavaThread "TimerQueue"                 daemon [_thread_blocked, id=12740, stack(0x000000c26e500000,0x000000c26e600000) (1024K)]
  0x0000024ec3d4d420 JavaThread "SwingWorker-pool-1-thread-1" daemon [_thread_blocked, id=7440, stack(0x000000c26cc00000,0x000000c26cd00000) (1024K)]
  0x0000024f24896ac0 JavaThread "HttpClient-1-SelectorManager" daemon [_thread_blocked, id=11768, stack(0x000000c26ed00000,0x000000c26ee00000) (1024K)]
  0x0000024f24897150 JavaThread "HttpClient-1-Worker-0"      daemon [_thread_blocked, id=9476, stack(0x000000c26ef00000,0x000000c26f000000) (1024K)]
  0x0000024f248977e0 JavaThread "HttpClient-1-Worker-1"      daemon [_thread_blocked, id=9612, stack(0x000000c26f000000,0x000000c26f100000) (1024K)]
Total: 21

Other Threads:
=>0x0000024ec3e04b50 VMThread "VM Thread"                           [id=10396, stack(0x000000c26d500000,0x000000c26d600000) (1024K)]
  0x0000024eded9c120 WatcherThread "VM Periodic Task Thread"        [id=11980, stack(0x000000c26d400000,0x000000c26d500000) (1024K)]
  0x0000024ec3d7ca20 WorkerThread "GC Thread#0"                     [id=13012, stack(0x000000c26cf00000,0x000000c26d000000) (1024K)]
  0x0000024f24c5d440 WorkerThread "GC Thread#1"                     [id=9640, stack(0x000000c26cd00000,0x000000c26ce00000) (1024K)]
  0x0000024f24c5d7f0 WorkerThread "GC Thread#2"                     [id=1220, stack(0x000000c26e900000,0x000000c26ea00000) (1024K)]
  0x0000024f2489c400 WorkerThread "GC Thread#3"                     [id=2824, stack(0x000000c26ea00000,0x000000c26eb00000) (1024K)]
  0x0000024ec3d87700 ConcurrentGCThread "G1 Main Marker"            [id=13032, stack(0x000000c26d000000,0x000000c26d100000) (1024K)]
  0x0000024ec3d883c0 WorkerThread "G1 Conc#0"                       [id=5020, stack(0x000000c26d100000,0x000000c26d200000) (1024K)]
  0x0000024ec3de1960 ConcurrentGCThread "G1 Refine#0"               [id=5900, stack(0x000000c26d200000,0x000000c26d300000) (1024K)]
  0x0000024ec3de2690 ConcurrentGCThread "G1 Service"                [id=11660, stack(0x000000c26d300000,0x000000c26d400000) (1024K)]
Total: 10

Threads with active compile tasks:
Total: 0

VM state: at safepoint (normal execution)

VM Mutex/Monitor currently owned by a thread:  ([mutex/lock_event])
[0x00007ffe08283910] Threads_lock - owner thread: 0x0000024ec3e04b50
[0x00007ffe08283a10] Heap_lock - owner thread: 0x0000024ec3d4d420

Heap address: 0x00000000c1600000, size: 1002 MB, Compressed Oops mode: 32-bit

CDS archive(s) mapped at: [0x0000024edf000000-0x0000024edfd70000-0x0000024edfd70000), size 14090240, SharedBaseAddress: 0x0000024edf000000, ArchiveRelocationMode: 1.
Compressed class space mapped at: 0x0000024ee0000000-0x0000024f20000000, reserved size: 1073741824
Narrow klass base: 0x0000024edf000000, Narrow klass shift: 0, Narrow klass range: 0x41000000

GC Precious Log:
 CardTable entry size: 512
 Card Set container configuration: InlinePtr #cards 5 size 8 Array Of Cards #cards 10 size 36 Howl #buckets 4 coarsen threshold 1843 Howl Bitmap #cards 512 size 80 coarsen threshold 460 Card regions per heap region 1 cards per card region 2048
 CPUs: 4 total, 4 available
 Memory: 4001M
 Large Page Support: Disabled
 NUMA Support: Disabled
 Compressed Oops: Enabled (32-bit)
 Heap Region Size: 1M
 Heap Min Capacity: 8M
 Heap Initial Capacity: 64M
 Heap Max Capacity: 1002M
 Pre-touch: Disabled
 Parallel Workers: 4
 Concurrent Workers: 1
 Concurrent Refinement Workers: 4
 Periodic GC: Disabled

Heap:
 garbage-first heap   total reserved 1026048K, committed 171008K, used 64810K [0x00000000c1600000, 0x0000000100000000)
  region size 1024K, 2 young (2048K), 2 survivors (2048K)
 Metaspace       used 21271K, committed 21632K, reserved 1114112K
  class space    used 2464K, committed 2624K, reserved 1048576K

Heap Regions: E=young(eden), S=young(survivor), O=old, HS=humongous(starts), HC=humongous(continues), CS=collection set, F=free, TAMS=top-at-mark-start, PB=parsable bottom
|   0|0x00000000c1600000, 0x00000000c1600000, 0x00000000c1700000|  0%| F|  |TAMS 0x00000000c1600000| PB 0x00000000c1600000| Untracked |  0
|   1|0x00000000c1700000, 0x00000000c1700000, 0x00000000c1800000|  0%| F|  |TAMS 0x00000000c1700000| PB 0x00000000c1700000| Untracked |  0
|   2|0x00000000c1800000, 0x00000000c1800000, 0x00000000c1900000|  0%| F|  |TAMS 0x00000000c1800000| PB 0x00000000c1800000| Untracked |  0
|   3|0x00000000c1900000, 0x00000000c1a00000, 0x00000000c1a00000|100%| O|  |TAMS 0x00000000c1a00000| PB 0x00000000c1900000| Untracked |  0
|   4|0x00000000c1a00000, 0x00000000c1b00000, 0x00000000c1b00000|100%|HS|  |TAMS 0x00000000c1b00000| PB 0x00000000c1a00000| Complete |  0
|   5|0x00000000c1b00000, 0x00000000c1c00000, 0x00000000c1c00000|100%|HC|  |TAMS 0x00000000c1c00000| PB 0x00000000c1b00000| Complete |  0
|   6|0x00000000c1c00000, 0x00000000c1d00000, 0x00000000c1d00000|100%|HC|  |TAMS 0x00000000c1d00000| PB 0x00000000c1c00000| Complete |  0
|   7|0x00000000c1d00000, 0x00000000c1e00000, 0x00000000c1e00000|100%|HS|  |TAMS 0x00000000c1e00000| PB 0x00000000c1d00000| Complete |  0
|   8|0x00000000c1e00000, 0x00000000c1f00000, 0x00000000c1f00000|100%|HC|  |TAMS 0x00000000c1f00000| PB 0x00000000c1e00000| Complete |  0
|   9|0x00000000c1f00000, 0x00000000c2000000, 0x00000000c2000000|100%|HC|  |TAMS 0x00000000c2000000| PB 0x00000000c1f00000| Complete |  0
|  10|0x00000000c2000000, 0x00000000c2100000, 0x00000000c2100000|100%|HC|  |TAMS 0x00000000c2100000| PB 0x00000000c2000000| Complete |  0
|  11|0x00000000c2100000, 0x00000000c2200000, 0x00000000c2200000|100%|HS|  |TAMS 0x00000000c2200000| PB 0x00000000c2100000| Complete |  0
|  12|0x00000000c2200000, 0x00000000c2300000, 0x00000000c2300000|100%|HC|  |TAMS 0x00000000c2300000| PB 0x00000000c2200000| Complete |  0
|  13|0x00000000c2300000, 0x00000000c2400000, 0x00000000c2400000|100%|HC|  |TAMS 0x00000000c2400000| PB 0x00000000c2300000| Complete |  0
|  14|0x00000000c2400000, 0x00000000c2500000, 0x00000000c2500000|100%| O|  |TAMS 0x00000000c2500000| PB 0x00000000c2400000| Untracked |  0
|  15|0x00000000c2500000, 0x00000000c2600000, 0x00000000c2600000|100%| O|  |TAMS 0x00000000c2600000| PB 0x00000000c2500000| Untracked |  0
|  16|0x00000000c2600000, 0x00000000c2700000, 0x00000000c2700000|100%| O|  |TAMS 0x00000000c2700000| PB 0x00000000c2600000| Untracked |  0
|  17|0x00000000c2700000, 0x00000000c2800000, 0x00000000c2800000|100%| O|  |TAMS 0x00000000c2800000| PB 0x00000000c2700000| Untracked |  0
|  18|0x00000000c2800000, 0x00000000c28af230, 0x00000000c2900000| 68%| O|  |TAMS 0x00000000c28af230| PB 0x00000000c2800000| Untracked |  0
|  19|0x00000000c2900000, 0x00000000c2900000, 0x00000000c2a00000|  0%| F|  |TAMS 0x00000000c2900000| PB 0x00000000c2900000| Untracked |  0
|  20|0x00000000c2a00000, 0x00000000c2b00000, 0x00000000c2b00000|100%|HS|  |TAMS 0x00000000c2b00000| PB 0x00000000c2a00000| Complete |  0
|  21|0x00000000c2b00000, 0x00000000c2c00000, 0x00000000c2c00000|100%|HC|  |TAMS 0x00000000c2c00000| PB 0x00000000c2b00000| Complete |  0
|  22|0x00000000c2c00000, 0x00000000c2d00000, 0x00000000c2d00000|100%|HC|  |TAMS 0x00000000c2d00000| PB 0x00000000c2c00000| Complete |  0
|  23|0x00000000c2d00000, 0x00000000c2e00000, 0x00000000c2e00000|100%|HS|  |TAMS 0x00000000c2e00000| PB 0x00000000c2d00000| Complete |  0
|  24|0x00000000c2e00000, 0x00000000c2f00000, 0x00000000c2f00000|100%|HC|  |TAMS 0x00000000c2f00000| PB 0x00000000c2e00000| Complete |  0
|  25|0x00000000c2f00000, 0x00000000c3000000, 0x00000000c3000000|100%|HC|  |TAMS 0x00000000c3000000| PB 0x00000000c2f00000| Complete |  0
|  26|0x00000000c3000000, 0x00000000c3100000, 0x00000000c3100000|100%|HC|  |TAMS 0x00000000c3100000| PB 0x00000000c3000000| Complete |  0
|  27|0x00000000c3100000, 0x00000000c3100000, 0x00000000c3200000|  0%| F|  |TAMS 0x00000000c3100000| PB 0x00000000c3100000| Untracked |  0
|  28|0x00000000c3200000, 0x00000000c3300000, 0x00000000c3300000|100%|HS|  |TAMS 0x00000000c3300000| PB 0x00000000c3200000| Complete |  0
|  29|0x00000000c3300000, 0x00000000c3400000, 0x00000000c3400000|100%|HC|  |TAMS 0x00000000c3400000| PB 0x00000000c3300000| Complete |  0
|  30|0x00000000c3400000, 0x00000000c3500000, 0x00000000c3500000|100%|HC|  |TAMS 0x00000000c3500000| PB 0x00000000c3400000| Complete |  0
|  31|0x00000000c3500000, 0x00000000c3600000, 0x00000000c3600000|100%|HC|  |TAMS 0x00000000c3600000| PB 0x00000000c3500000| Complete |  0
|  32|0x00000000c3600000, 0x00000000c3700000, 0x00000000c3700000|100%|HS|  |TAMS 0x00000000c3700000| PB 0x00000000c3600000| Complete |  0
|  33|0x00000000c3700000, 0x00000000c3800000, 0x00000000c3800000|100%|HC|  |TAMS 0x00000000c3800000| PB 0x00000000c3700000| Complete |  0
|  34|0x00000000c3800000, 0x00000000c3900000, 0x00000000c3900000|100%|HC|  |TAMS 0x00000000c3900000| PB 0x00000000c3800000| Complete |  0
|  35|0x00000000c3900000, 0x00000000c3a00000, 0x00000000c3a00000|100%|HC|  |TAMS 0x00000000c3a00000| PB 0x00000000c3900000| Complete |  0
|  36|0x00000000c3a00000, 0x00000000c3b00000, 0x00000000c3b00000|100%|HC|  |TAMS 0x00000000c3b00000| PB 0x00000000c3a00000| Complete |  0
|  37|0x00000000c3b00000, 0x00000000c3c00000, 0x00000000c3c00000|100%|HS|  |TAMS 0x00000000c3c00000| PB 0x00000000c3b00000| Complete |  0
|  38|0x00000000c3c00000, 0x00000000c3d00000, 0x00000000c3d00000|100%|HC|  |TAMS 0x00000000c3d00000| PB 0x00000000c3c00000| Complete |  0
|  39|0x00000000c3d00000, 0x00000000c3d00000, 0x00000000c3e00000|  0%| F|  |TAMS 0x00000000c3d00000| PB 0x00000000c3d00000| Untracked |  0
|  40|0x00000000c3e00000, 0x00000000c3e00000, 0x00000000c3f00000|  0%| F|  |TAMS 0x00000000c3e00000| PB 0x00000000c3e00000| Untracked |  0
|  41|0x00000000c3f00000, 0x00000000c3f00000, 0x00000000c4000000|  0%| F|  |TAMS 0x00000000c3f00000| PB 0x00000000c3f00000| Untracked |  0
|  42|0x00000000c4000000, 0x00000000c4000000, 0x00000000c4100000|  0%| F|  |TAMS 0x00000000c4000000| PB 0x00000000c4000000| Untracked |  0
|  43|0x00000000c4100000, 0x00000000c4100000, 0x00000000c4200000|  0%| F|  |TAMS 0x00000000c4100000| PB 0x00000000c4100000| Untracked |  0
|  44|0x00000000c4200000, 0x00000000c4200000, 0x00000000c4300000|  0%| F|  |TAMS 0x00000000c4200000| PB 0x00000000c4200000| Untracked |  0
|  45|0x00000000c4300000, 0x00000000c4300000, 0x00000000c4400000|  0%| F|  |TAMS 0x00000000c4300000| PB 0x00000000c4300000| Untracked |  0
|  46|0x00000000c4400000, 0x00000000c4400000, 0x00000000c4500000|  0%| F|  |TAMS 0x00000000c4400000| PB 0x00000000c4400000| Untracked |  0
|  47|0x00000000c4500000, 0x00000000c4500000, 0x00000000c4600000|  0%| F|  |TAMS 0x00000000c4500000| PB 0x00000000c4500000| Untracked |  0
|  48|0x00000000c4600000, 0x00000000c4700000, 0x00000000c4700000|100%|HS|  |TAMS 0x00000000c4700000| PB 0x00000000c4600000| Complete |  0
|  49|0x00000000c4700000, 0x00000000c4800000, 0x00000000c4800000|100%|HC|  |TAMS 0x00000000c4800000| PB 0x00000000c4700000| Complete |  0
|  50|0x00000000c4800000, 0x00000000c4900000, 0x00000000c4900000|100%|HC|  |TAMS 0x00000000c4900000| PB 0x00000000c4800000| Complete |  0
|  51|0x00000000c4900000, 0x00000000c4a00000, 0x00000000c4a00000|100%|HC|  |TAMS 0x00000000c4a00000| PB 0x00000000c4900000| Complete |  0
|  52|0x00000000c4a00000, 0x00000000c4a00000, 0x00000000c4b00000|  0%| F|  |TAMS 0x00000000c4a00000| PB 0x00000000c4a00000| Untracked |  0
|  53|0x00000000c4b00000, 0x00000000c4c00000, 0x00000000c4c00000|100%|HS|  |TAMS 0x00000000c4c00000| PB 0x00000000c4b00000| Complete |  0
|  54|0x00000000c4c00000, 0x00000000c4d00000, 0x00000000c4d00000|100%|HC|  |TAMS 0x00000000c4d00000| PB 0x00000000c4c00000| Complete |  0
|  55|0x00000000c4d00000, 0x00000000c4e00000, 0x00000000c4e00000|100%|HC|  |TAMS 0x00000000c4e00000| PB 0x00000000c4d00000| Complete |  0
|  56|0x00000000c4e00000, 0x00000000c4f00000, 0x00000000c4f00000|100%|HC|  |TAMS 0x00000000c4f00000| PB 0x00000000c4e00000| Complete |  0
|  57|0x00000000c4f00000, 0x00000000c5000000, 0x00000000c5000000|100%|HS|  |TAMS 0x00000000c5000000| PB 0x00000000c4f00000| Complete |  0
|  58|0x00000000c5000000, 0x00000000c5100000, 0x00000000c5100000|100%|HC|  |TAMS 0x00000000c5100000| PB 0x00000000c5000000| Complete |  0
|  59|0x00000000c5100000, 0x00000000c5200000, 0x00000000c5200000|100%|HC|  |TAMS 0x00000000c5200000| PB 0x00000000c5100000| Complete |  0
|  60|0x00000000c5200000, 0x00000000c5300000, 0x00000000c5300000|100%|HC|  |TAMS 0x00000000c5300000| PB 0x00000000c5200000| Complete |  0
|  61|0x00000000c5300000, 0x00000000c5400000, 0x00000000c5400000|100%|HS|  |TAMS 0x00000000c5400000| PB 0x00000000c5300000| Complete |  0
|  62|0x00000000c5400000, 0x00000000c5500000, 0x00000000c5500000|100%|HC|  |TAMS 0x00000000c5500000| PB 0x00000000c5400000| Complete |  0
|  63|0x00000000c5500000, 0x00000000c5600000, 0x00000000c5600000|100%|HC|  |TAMS 0x00000000c5600000| PB 0x00000000c5500000| Complete |  0
|  64|0x00000000c5600000, 0x00000000c5700000, 0x00000000c5700000|100%|HC|  |TAMS 0x00000000c5700000| PB 0x00000000c5600000| Complete |  0
|  65|0x00000000c5700000, 0x00000000c5800000, 0x00000000c5800000|100%|HC|  |TAMS 0x00000000c5800000| PB 0x00000000c5700000| Complete |  0
|  66|0x00000000c5800000, 0x00000000c5900000, 0x00000000c5900000|100%|HC|  |TAMS 0x00000000c5900000| PB 0x00000000c5800000| Complete |  0
|  67|0x00000000c5900000, 0x00000000c5a00000, 0x00000000c5a00000|100%|HC|  |TAMS 0x00000000c5a00000| PB 0x00000000c5900000| Complete |  0
|  68|0x00000000c5a00000, 0x00000000c5b00000, 0x00000000c5b00000|100%|HC|  |TAMS 0x00000000c5b00000| PB 0x00000000c5a00000| Complete |  0
|  69|0x00000000c5b00000, 0x00000000c5c00000, 0x00000000c5c00000|100%|HS|  |TAMS 0x00000000c5c00000| PB 0x00000000c5b00000| Complete |  0
|  70|0x00000000c5c00000, 0x00000000c5d00000, 0x00000000c5d00000|100%|HC|  |TAMS 0x00000000c5d00000| PB 0x00000000c5c00000| Complete |  0
|  71|0x00000000c5d00000, 0x00000000c5e00000, 0x00000000c5e00000|100%|HC|  |TAMS 0x00000000c5e00000| PB 0x00000000c5d00000| Complete |  0
|  72|0x00000000c5e00000, 0x00000000c5f00000, 0x00000000c5f00000|100%|HC|  |TAMS 0x00000000c5f00000| PB 0x00000000c5e00000| Complete |  0
|  73|0x00000000c5f00000, 0x00000000c6000000, 0x00000000c6000000|100%|HC|  |TAMS 0x00000000c6000000| PB 0x00000000c5f00000| Complete |  0
|  74|0x00000000c6000000, 0x00000000c6100000, 0x00000000c6100000|100%|HC|  |TAMS 0x00000000c6100000| PB 0x00000000c6000000| Complete |  0
|  75|0x00000000c6100000, 0x00000000c6200000, 0x00000000c6200000|100%|HC|  |TAMS 0x00000000c6200000| PB 0x00000000c6100000| Complete |  0
|  76|0x00000000c6200000, 0x00000000c6300000, 0x00000000c6300000|100%|HC|  |TAMS 0x00000000c6300000| PB 0x00000000c6200000| Complete |  0
|  77|0x00000000c6300000, 0x00000000c6300000, 0x00000000c6400000|  0%| F|  |TAMS 0x00000000c6300000| PB 0x00000000c6300000| Untracked |  0
|  78|0x00000000c6400000, 0x00000000c6400000, 0x00000000c6500000|  0%| F|  |TAMS 0x00000000c6400000| PB 0x00000000c6400000| Untracked |  0
|  79|0x00000000c6500000, 0x00000000c6500000, 0x00000000c6600000|  0%| F|  |TAMS 0x00000000c6500000| PB 0x00000000c6500000| Untracked |  0
|  80|0x00000000c6600000, 0x00000000c6600000, 0x00000000c6700000|  0%| F|  |TAMS 0x00000000c6600000| PB 0x00000000c6600000| Untracked |  0
|  81|0x00000000c6700000, 0x00000000c6700000, 0x00000000c6800000|  0%| F|  |TAMS 0x00000000c6700000| PB 0x00000000c6700000| Untracked |  0
|  82|0x00000000c6800000, 0x00000000c6800000, 0x00000000c6900000|  0%| F|  |TAMS 0x00000000c6800000| PB 0x00000000c6800000| Untracked |  0
|  83|0x00000000c6900000, 0x00000000c6900000, 0x00000000c6a00000|  0%| F|  |TAMS 0x00000000c6900000| PB 0x00000000c6900000| Untracked |  0
|  84|0x00000000c6a00000, 0x00000000c6a00000, 0x00000000c6b00000|  0%| F|  |TAMS 0x00000000c6a00000| PB 0x00000000c6a00000| Untracked |  0
|  85|0x00000000c6b00000, 0x00000000c6b00000, 0x00000000c6c00000|  0%| F|  |TAMS 0x00000000c6b00000| PB 0x00000000c6b00000| Untracked |  0
|  86|0x00000000c6c00000, 0x00000000c6c00000, 0x00000000c6d00000|  0%| F|  |TAMS 0x00000000c6c00000| PB 0x00000000c6c00000| Untracked |  0
|  87|0x00000000c6d00000, 0x00000000c6d00000, 0x00000000c6e00000|  0%| F|  |TAMS 0x00000000c6d00000| PB 0x00000000c6d00000| Untracked |  0
|  88|0x00000000c6e00000, 0x00000000c6e00000, 0x00000000c6f00000|  0%| F|  |TAMS 0x00000000c6e00000| PB 0x00000000c6e00000| Untracked |  0
|  89|0x00000000c6f00000, 0x00000000c6f00000, 0x00000000c7000000|  0%| F|  |TAMS 0x00000000c6f00000| PB 0x00000000c6f00000| Untracked |  0
|  90|0x00000000c7000000, 0x00000000c7000000, 0x00000000c7100000|  0%| F|  |TAMS 0x00000000c7000000| PB 0x00000000c7000000| Untracked |  0
|  91|0x00000000c7100000, 0x00000000c7100000, 0x00000000c7200000|  0%| F|  |TAMS 0x00000000c7100000| PB 0x00000000c7100000| Untracked |  0
|  92|0x00000000c7200000, 0x00000000c7200000, 0x00000000c7300000|  0%| F|  |TAMS 0x00000000c7200000| PB 0x00000000c7200000| Untracked |  0
|  93|0x00000000c7300000, 0x00000000c7300000, 0x00000000c7400000|  0%| F|  |TAMS 0x00000000c7300000| PB 0x00000000c7300000| Untracked |  0
|  94|0x00000000c7400000, 0x00000000c7400000, 0x00000000c7500000|  0%| F|  |TAMS 0x00000000c7400000| PB 0x00000000c7400000| Untracked |  0
|  95|0x00000000c7500000, 0x00000000c7500000, 0x00000000c7600000|  0%| F|  |TAMS 0x00000000c7500000| PB 0x00000000c7500000| Untracked |  0
|  96|0x00000000c7600000, 0x00000000c7600000, 0x00000000c7700000|  0%| F|  |TAMS 0x00000000c7600000| PB 0x00000000c7600000| Untracked |  0
|  97|0x00000000c7700000, 0x00000000c7700000, 0x00000000c7800000|  0%| F|  |TAMS 0x00000000c7700000| PB 0x00000000c7700000| Untracked |  0
|  98|0x00000000c7800000, 0x00000000c7800000, 0x00000000c7900000|  0%| F|  |TAMS 0x00000000c7800000| PB 0x00000000c7800000| Untracked |  0
|  99|0x00000000c7900000, 0x00000000c7900000, 0x00000000c7a00000|  0%| F|  |TAMS 0x00000000c7900000| PB 0x00000000c7900000| Untracked |  0
| 100|0x00000000c7a00000, 0x00000000c7a00000, 0x00000000c7b00000|  0%| F|  |TAMS 0x00000000c7a00000| PB 0x00000000c7a00000| Untracked |  0
| 101|0x00000000c7b00000, 0x00000000c7b00000, 0x00000000c7c00000|  0%| F|  |TAMS 0x00000000c7b00000| PB 0x00000000c7b00000| Untracked |  0
| 102|0x00000000c7c00000, 0x00000000c7c00000, 0x00000000c7d00000|  0%| F|  |TAMS 0x00000000c7c00000| PB 0x00000000c7c00000| Untracked |  0
| 103|0x00000000c7d00000, 0x00000000c7d00000, 0x00000000c7e00000|  0%| F|  |TAMS 0x00000000c7d00000| PB 0x00000000c7d00000| Untracked |  0
| 104|0x00000000c7e00000, 0x00000000c7e00000, 0x00000000c7f00000|  0%| F|  |TAMS 0x00000000c7e00000| PB 0x00000000c7e00000| Untracked |  0
| 105|0x00000000c7f00000, 0x00000000c7f00000, 0x00000000c8000000|  0%| F|  |TAMS 0x00000000c7f00000| PB 0x00000000c7f00000| Untracked |  0
| 106|0x00000000c8000000, 0x00000000c8000000, 0x00000000c8100000|  0%| F|  |TAMS 0x00000000c8000000| PB 0x00000000c8000000| Untracked |  0
| 107|0x00000000c8100000, 0x00000000c8100000, 0x00000000c8200000|  0%| F|  |TAMS 0x00000000c8100000| PB 0x00000000c8100000| Untracked |  0
| 108|0x00000000c8200000, 0x00000000c8200000, 0x00000000c8300000|  0%| F|  |TAMS 0x00000000c8200000| PB 0x00000000c8200000| Untracked |  0
| 109|0x00000000c8300000, 0x00000000c8300000, 0x00000000c8400000|  0%| F|  |TAMS 0x00000000c8300000| PB 0x00000000c8300000| Untracked |  0
| 110|0x00000000c8400000, 0x00000000c8400000, 0x00000000c8500000|  0%| F|  |TAMS 0x00000000c8400000| PB 0x00000000c8400000| Untracked |  0
| 111|0x00000000c8500000, 0x00000000c8500000, 0x00000000c8600000|  0%| F|  |TAMS 0x00000000c8500000| PB 0x00000000c8500000| Untracked |  0
| 112|0x00000000c8600000, 0x00000000c8600000, 0x00000000c8700000|  0%| F|  |TAMS 0x00000000c8600000| PB 0x00000000c8600000| Untracked |  0
| 113|0x00000000c8700000, 0x00000000c8700000, 0x00000000c8800000|  0%| F|  |TAMS 0x00000000c8700000| PB 0x00000000c8700000| Untracked |  0
| 114|0x00000000c8800000, 0x00000000c8800000, 0x00000000c8900000|  0%| F|  |TAMS 0x00000000c8800000| PB 0x00000000c8800000| Untracked |  0
| 115|0x00000000c8900000, 0x00000000c8900000, 0x00000000c8a00000|  0%| F|  |TAMS 0x00000000c8900000| PB 0x00000000c8900000| Untracked |  0
| 116|0x00000000c8a00000, 0x00000000c8a00000, 0x00000000c8b00000|  0%| F|  |TAMS 0x00000000c8a00000| PB 0x00000000c8a00000| Untracked |  0
| 117|0x00000000c8b00000, 0x00000000c8b00000, 0x00000000c8c00000|  0%| F|  |TAMS 0x00000000c8b00000| PB 0x00000000c8b00000| Untracked |  0
| 118|0x00000000c8c00000, 0x00000000c8c00000, 0x00000000c8d00000|  0%| F|  |TAMS 0x00000000c8c00000| PB 0x00000000c8c00000| Untracked |  0
| 119|0x00000000c8d00000, 0x00000000c8d00000, 0x00000000c8e00000|  0%| F|  |TAMS 0x00000000c8d00000| PB 0x00000000c8d00000| Untracked |  0
| 120|0x00000000c8e00000, 0x00000000c8e00000, 0x00000000c8f00000|  0%| F|  |TAMS 0x00000000c8e00000| PB 0x00000000c8e00000| Untracked |  0
| 121|0x00000000c8f00000, 0x00000000c8f00000, 0x00000000c9000000|  0%| F|  |TAMS 0x00000000c8f00000| PB 0x00000000c8f00000| Untracked |  0
| 122|0x00000000c9000000, 0x00000000c9000000, 0x00000000c9100000|  0%| F|  |TAMS 0x00000000c9000000| PB 0x00000000c9000000| Untracked |  0
| 123|0x00000000c9100000, 0x00000000c9100000, 0x00000000c9200000|  0%| F|  |TAMS 0x00000000c9100000| PB 0x00000000c9100000| Untracked |  0
| 124|0x00000000c9200000, 0x00000000c9200000, 0x00000000c9300000|  0%| F|  |TAMS 0x00000000c9200000| PB 0x00000000c9200000| Untracked |  0
| 125|0x00000000c9300000, 0x00000000c9300000, 0x00000000c9400000|  0%| F|  |TAMS 0x00000000c9300000| PB 0x00000000c9300000| Untracked |  0
| 126|0x00000000c9400000, 0x00000000c9400000, 0x00000000c9500000|  0%| F|  |TAMS 0x00000000c9400000| PB 0x00000000c9400000| Untracked |  0
| 127|0x00000000c9500000, 0x00000000c9500000, 0x00000000c9600000|  0%| F|  |TAMS 0x00000000c9500000| PB 0x00000000c9500000| Untracked |  0
| 128|0x00000000c9600000, 0x00000000c9600000, 0x00000000c9700000|  0%| F|  |TAMS 0x00000000c9600000| PB 0x00000000c9600000| Untracked |  0
| 129|0x00000000c9700000, 0x00000000c9700000, 0x00000000c9800000|  0%| F|  |TAMS 0x00000000c9700000| PB 0x00000000c9700000| Untracked |  0
| 130|0x00000000c9800000, 0x00000000c9800000, 0x00000000c9900000|  0%| F|  |TAMS 0x00000000c9800000| PB 0x00000000c9800000| Untracked |  0
| 131|0x00000000c9900000, 0x00000000c9900000, 0x00000000c9a00000|  0%| F|  |TAMS 0x00000000c9900000| PB 0x00000000c9900000| Untracked |  0
| 132|0x00000000c9a00000, 0x00000000c9a00000, 0x00000000c9b00000|  0%| F|  |TAMS 0x00000000c9a00000| PB 0x00000000c9a00000| Untracked |  0
| 133|0x00000000c9b00000, 0x00000000c9b00000, 0x00000000c9c00000|  0%| F|  |TAMS 0x00000000c9b00000| PB 0x00000000c9b00000| Untracked |  0
| 134|0x00000000c9c00000, 0x00000000c9c00000, 0x00000000c9d00000|  0%| F|  |TAMS 0x00000000c9c00000| PB 0x00000000c9c00000| Untracked |  0
| 135|0x00000000c9d00000, 0x00000000c9d00000, 0x00000000c9e00000|  0%| F|  |TAMS 0x00000000c9d00000| PB 0x00000000c9d00000| Untracked |  0
| 136|0x00000000c9e00000, 0x00000000c9e00000, 0x00000000c9f00000|  0%| F|  |TAMS 0x00000000c9e00000| PB 0x00000000c9e00000| Untracked |  0
| 137|0x00000000c9f00000, 0x00000000c9f00000, 0x00000000ca000000|  0%| F|  |TAMS 0x00000000c9f00000| PB 0x00000000c9f00000| Untracked |  0
| 138|0x00000000ca000000, 0x00000000ca000000, 0x00000000ca100000|  0%| F|  |TAMS 0x00000000ca000000| PB 0x00000000ca000000| Untracked |  0
| 139|0x00000000ca100000, 0x00000000ca100000, 0x00000000ca200000|  0%| F|  |TAMS 0x00000000ca100000| PB 0x00000000ca100000| Untracked |  0
| 140|0x00000000ca200000, 0x00000000ca200000, 0x00000000ca300000|  0%| F|  |TAMS 0x00000000ca200000| PB 0x00000000ca200000| Untracked |  0
| 141|0x00000000ca300000, 0x00000000ca300000, 0x00000000ca400000|  0%| F|  |TAMS 0x00000000ca300000| PB 0x00000000ca300000| Untracked |  0
| 142|0x00000000ca400000, 0x00000000ca400000, 0x00000000ca500000|  0%| F|  |TAMS 0x00000000ca400000| PB 0x00000000ca400000| Untracked |  0
| 143|0x00000000ca500000, 0x00000000ca500000, 0x00000000ca600000|  0%| F|  |TAMS 0x00000000ca500000| PB 0x00000000ca500000| Untracked |  0
| 144|0x00000000ca600000, 0x00000000ca600000, 0x00000000ca700000|  0%| F|  |TAMS 0x00000000ca600000| PB 0x00000000ca600000| Untracked |  0
| 145|0x00000000ca700000, 0x00000000ca700000, 0x00000000ca800000|  0%| F|  |TAMS 0x00000000ca700000| PB 0x00000000ca700000| Untracked |  0
| 146|0x00000000ca800000, 0x00000000ca800000, 0x00000000ca900000|  0%| F|  |TAMS 0x00000000ca800000| PB 0x00000000ca800000| Untracked |  0
| 147|0x00000000ca900000, 0x00000000ca900000, 0x00000000caa00000|  0%| F|  |TAMS 0x00000000ca900000| PB 0x00000000ca900000| Untracked |  0
| 148|0x00000000caa00000, 0x00000000caa00000, 0x00000000cab00000|  0%| F|  |TAMS 0x00000000caa00000| PB 0x00000000caa00000| Untracked |  0
| 149|0x00000000cab00000, 0x00000000cab00000, 0x00000000cac00000|  0%| F|  |TAMS 0x00000000cab00000| PB 0x00000000cab00000| Untracked |  0
| 150|0x00000000cac00000, 0x00000000cac00000, 0x00000000cad00000|  0%| F|  |TAMS 0x00000000cac00000| PB 0x00000000cac00000| Untracked |  0
| 151|0x00000000cad00000, 0x00000000cad00000, 0x00000000cae00000|  0%| F|  |TAMS 0x00000000cad00000| PB 0x00000000cad00000| Untracked |  0
| 152|0x00000000cae00000, 0x00000000cae00000, 0x00000000caf00000|  0%| F|  |TAMS 0x00000000cae00000| PB 0x00000000cae00000| Untracked |  0
| 153|0x00000000caf00000, 0x00000000caf00000, 0x00000000cb000000|  0%| F|  |TAMS 0x00000000caf00000| PB 0x00000000caf00000| Untracked |  0
| 154|0x00000000cb000000, 0x00000000cb000000, 0x00000000cb100000|  0%| F|  |TAMS 0x00000000cb000000| PB 0x00000000cb000000| Untracked |  0
| 155|0x00000000cb100000, 0x00000000cb100000, 0x00000000cb200000|  0%| F|  |TAMS 0x00000000cb100000| PB 0x00000000cb100000| Untracked |  0
| 156|0x00000000cb200000, 0x00000000cb200000, 0x00000000cb300000|  0%| F|  |TAMS 0x00000000cb200000| PB 0x00000000cb200000| Untracked |  0
| 157|0x00000000cb300000, 0x00000000cb300000, 0x00000000cb400000|  0%| F|  |TAMS 0x00000000cb300000| PB 0x00000000cb300000| Untracked |  0
| 158|0x00000000cb400000, 0x00000000cb400000, 0x00000000cb500000|  0%| F|  |TAMS 0x00000000cb400000| PB 0x00000000cb400000| Untracked |  0
| 159|0x00000000cb500000, 0x00000000cb500000, 0x00000000cb600000|  0%| F|  |TAMS 0x00000000cb500000| PB 0x00000000cb500000| Untracked |  0
| 160|0x00000000cb600000, 0x00000000cb600000, 0x00000000cb700000|  0%| F|  |TAMS 0x00000000cb600000| PB 0x00000000cb600000| Untracked |  0
| 161|0x00000000cb700000, 0x00000000cb700000, 0x00000000cb800000|  0%| F|  |TAMS 0x00000000cb700000| PB 0x00000000cb700000| Untracked |  0
| 162|0x00000000cb800000, 0x00000000cb89b738, 0x00000000cb900000| 60%| S|CS|TAMS 0x00000000cb800000| PB 0x00000000cb800000| Complete |  0
| 163|0x00000000cb900000, 0x00000000cb900000, 0x00000000cba00000|  0%| F|  |TAMS 0x00000000cb900000| PB 0x00000000cb900000| Untracked |  0
| 164|0x00000000cba00000, 0x00000000cba00000, 0x00000000cbb00000|  0%| F|  |TAMS 0x00000000cba00000| PB 0x00000000cba00000| Untracked |  0
| 165|0x00000000cbb00000, 0x00000000cbc00000, 0x00000000cbc00000|100%| S|CS|TAMS 0x00000000cbb00000| PB 0x00000000cbb00000| Complete |  0
| 166|0x00000000cbc00000, 0x00000000cbc00000, 0x00000000cbd00000|  0%| F|  |TAMS 0x00000000cbc00000| PB 0x00000000cbc00000| Untracked |  0

Card table byte_map: [0x0000024edb690000,0x0000024edb890000] _byte_map_base: 0x0000024edb085000

Marking Bits: (CMBitMap*) 0x0000024ec3d7d130
 Bits: [0x0000024edb890000, 0x0000024edc838000)

Polling page: 0x0000024ec1ad0000

Metaspace:

Usage:
  Non-class:     18.37 MB used.
      Class:      2.41 MB used.
       Both:     20.77 MB used.

Virtual space:
  Non-class space:       64.00 MB reserved,      18.56 MB ( 29%) committed,  1 nodes.
      Class space:        1.00 GB reserved,       2.56 MB ( <1%) committed,  1 nodes.
             Both:        1.06 GB reserved,      21.12 MB (  2%) committed. 

Chunk freelists:
   Non-Class:  12.53 MB
       Class:  13.44 MB
        Both:  25.97 MB

MaxMetaspaceSize: unlimited
CompressedClassSpaceSize: 1.00 GB
Initial GC threshold: 21.00 MB
Current GC threshold: 35.00 MB
CDS: on
 - commit_granule_bytes: 65536.
 - commit_granule_words: 8192.
 - virtual_space_node_default_size: 8388608.
 - enlarge_chunks_in_place: 1.
 - use_allocation_guard: 0.


Internal statistics:

num_allocs_failed_limit: 0.
num_arena_births: 328.
num_arena_deaths: 0.
num_vsnodes_births: 2.
num_vsnodes_deaths: 0.
num_space_committed: 338.
num_space_uncommitted: 0.
num_chunks_returned_to_freelist: 0.
num_chunks_taken_from_freelist: 595.
num_chunk_merges: 0.
num_chunk_splits: 350.
num_chunks_enlarged: 180.
num_inconsistent_stats: 0.

CodeHeap 'non-profiled nmethods': size=120064Kb used=955Kb max_used=955Kb free=119108Kb
 bounds [0x0000024ed3f50000, 0x0000024ed41c0000, 0x0000024edb490000]
CodeHeap 'profiled nmethods': size=120000Kb used=5002Kb max_used=5002Kb free=114997Kb
 bounds [0x0000024ecc490000, 0x0000024ecc980000, 0x0000024ed39c0000]
CodeHeap 'non-nmethods': size=5696Kb used=1685Kb max_used=1726Kb free=4010Kb
 bounds [0x0000024ed39c0000, 0x0000024ed3c30000, 0x0000024ed3f50000]
CodeCache: size=245760Kb, used=7642Kb, max_used=7683Kb, free=238115Kb
 total_blobs=4105, nmethods=3361, adapters=649, full_count=0
Compilation: enabled, stopped_count=0, restarted_count=0

Compilation events (20 events):
Event: 101.169 Thread 0x0000024ededa5640 nmethod 3355 0x0000024ed403d588 code [0x0000024ed403d6c0, 0x0000024ed403d948]
Event: 101.170 Thread 0x0000024ededa5640 3349   !   4       java.util.regex.Matcher::appendReplacement (65 bytes)
Event: 101.171 Thread 0x0000024ededa7100 nmethod 3357 0x0000024ecc96ec08 code [0x0000024ecc96ee00, 0x0000024ecc96fa88]
Event: 101.172 Thread 0x0000024ededa7100 3358       3       java.lang.invoke.VarHandleGuards::guard_LLL_L (98 bytes)
Event: 101.185 Thread 0x0000024ededa7100 nmethod 3358 0x0000024ecc96fb88 code [0x0000024ecc96fe80, 0x0000024ecc971bf0]
Event: 101.186 Thread 0x0000024ededa5640 nmethod 3349 0x0000024ed403da08 code [0x0000024ed403db20, 0x0000024ed403dcc8]
Event: 101.186 Thread 0x0000024ededa5640 3351       4       java.util.regex.Pattern$GroupTail::match (111 bytes)
Event: 101.200 Thread 0x0000024ededa5640 nmethod 3351 0x0000024ed403dd08 code [0x0000024ed403de40, 0x0000024ed403e0e0]
Event: 101.200 Thread 0x0000024ededa5640 3347       4       java.lang.StringBuilder::append (6 bytes)
Event: 101.224 Thread 0x0000024ededa5640 nmethod 3347 0x0000024ed403e108 code [0x0000024ed403e260, 0x0000024ed403e920]
Event: 101.224 Thread 0x0000024ededa5640 3343       4       java.lang.StringUTF16::checkIndex (9 bytes)
Event: 101.226 Thread 0x0000024ededa5640 nmethod 3343 0x0000024ed403e988 code [0x0000024ed403ea80, 0x0000024ed403eb20]
Event: 101.246 Thread 0x0000024ededa7100 3359       3       org.jsoup.nodes.NodeIterator::hasNext (17 bytes)
Event: 101.246 Thread 0x0000024ededa7100 nmethod 3359 0x0000024ecc971c88 code [0x0000024ecc971da0, 0x0000024ecc971f40]
Event: 101.246 Thread 0x0000024ededa7100 3360       3       org.jsoup.nodes.Element::normalName (8 bytes)
Event: 101.247 Thread 0x0000024ededa7100 nmethod 3360 0x0000024ecc971f88 code [0x0000024ecc9720a0, 0x0000024ecc9721e0]
Event: 101.247 Thread 0x0000024ededa7100 3361       3       org.jsoup.nodes.NodeIterator::next (5 bytes)
Event: 101.247 Thread 0x0000024ededa7100 nmethod 3361 0x0000024ecc972288 code [0x0000024ecc9723a0, 0x0000024ecc9724f8]
Event: 101.248 Thread 0x0000024ededa7100 3362       3       sun.java2d.SunGraphics2D::clip (35 bytes)
Event: 101.249 Thread 0x0000024ededa7100 nmethod 3362 0x0000024ecc972588 code [0x0000024ecc9726e0, 0x0000024ecc972940]

GC Heap History (20 events):
Event: 100.633 GC heap after
{Heap after GC invocations=3 (full 0):
 garbage-first heap   total reserved 1026048K, committed 65536K, used 25660K [0x00000000c1600000, 0x0000000100000000)
  region size 1024K, 4 young (4096K), 4 survivors (4096K)
 Metaspace       used 20452K, committed 20800K, reserved 1114112K
  class space    used 2353K, committed 2496K, reserved 1048576K
}
Event: 100.767 GC heap before
{Heap before GC invocations=3 (full 0):
 garbage-first heap   total reserved 1026048K, committed 65536K, used 34876K [0x00000000c1600000, 0x0000000100000000)
  region size 1024K, 8 young (8192K), 4 survivors (4096K)
 Metaspace       used 21086K, committed 21376K, reserved 1114112K
  class space    used 2443K, committed 2560K, reserved 1048576K
}
Event: 100.775 GC heap after
{Heap after GC invocations=4 (full 0):
 garbage-first heap   total reserved 1026048K, committed 65536K, used 25947K [0x00000000c1600000, 0x0000000100000000)
  region size 1024K, 2 young (2048K), 2 survivors (2048K)
 Metaspace       used 21086K, committed 21376K, reserved 1114112K
  class space    used 2443K, committed 2560K, reserved 1048576K
}
Event: 100.791 GC heap before
{Heap before GC invocations=4 (full 0):
 garbage-first heap   total reserved 1026048K, committed 65536K, used 32091K [0x00000000c1600000, 0x0000000100000000)
  region size 1024K, 4 young (4096K), 2 survivors (2048K)
 Metaspace       used 21111K, committed 21440K, reserved 1114112K
  class space    used 2443K, committed 2560K, reserved 1048576K
}
Event: 100.794 GC heap after
{Heap after GC invocations=5 (full 0):
 garbage-first heap   total reserved 1026048K, committed 65536K, used 27923K [0x00000000c1600000, 0x0000000100000000)
  region size 1024K, 2 young (2048K), 2 survivors (2048K)
 Metaspace       used 21111K, committed 21440K, reserved 1114112K
  class space    used 2443K, committed 2560K, reserved 1048576K
}
Event: 100.813 GC heap before
{Heap before GC invocations=5 (full 0):
 garbage-first heap   total reserved 1026048K, committed 65536K, used 34067K [0x00000000c1600000, 0x0000000100000000)
  region size 1024K, 4 young (4096K), 2 survivors (2048K)
 Metaspace       used 21115K, committed 21440K, reserved 1114112K
  class space    used 2443K, committed 2560K, reserved 1048576K
}
Event: 100.817 GC heap after
{Heap after GC invocations=6 (full 0):
 garbage-first heap   total reserved 1026048K, committed 65536K, used 29949K [0x00000000c1600000, 0x0000000100000000)
  region size 1024K, 2 young (2048K), 2 survivors (2048K)
 Metaspace       used 21115K, committed 21440K, reserved 1114112K
  class space    used 2443K, committed 2560K, reserved 1048576K
}
Event: 100.821 GC heap before
{Heap before GC invocations=6 (full 0):
 garbage-first heap   total reserved 1026048K, committed 65536K, used 31997K [0x00000000c1600000, 0x0000000100000000)
  region size 1024K, 2 young (2048K), 2 survivors (2048K)
 Metaspace       used 21115K, committed 21440K, reserved 1114112K
  class space    used 2443K, committed 2560K, reserved 1048576K
}
Event: 100.825 GC heap after
{Heap after GC invocations=7 (full 0):
 garbage-first heap   total reserved 1026048K, committed 65536K, used 32076K [0x00000000c1600000, 0x0000000100000000)
  region size 1024K, 2 young (2048K), 2 survivors (2048K)
 Metaspace       used 21115K, committed 21440K, reserved 1114112K
  class space    used 2443K, committed 2560K, reserved 1048576K
}
Event: 100.893 GC heap before
{Heap before GC invocations=8 (full 0):
 garbage-first heap   total reserved 1026048K, committed 81920K, used 60748K [0x00000000c1600000, 0x0000000100000000)
  region size 1024K, 3 young (3072K), 2 survivors (2048K)
 Metaspace       used 21258K, committed 21632K, reserved 1114112K
  class space    used 2463K, committed 2624K, reserved 1048576K
}
Event: 100.897 GC heap after
{Heap after GC invocations=9 (full 0):
 garbage-first heap   total reserved 1026048K, committed 81920K, used 38162K [0x00000000c1600000, 0x0000000100000000)
  region size 1024K, 2 young (2048K), 2 survivors (2048K)
 Metaspace       used 21258K, committed 21632K, reserved 1114112K
  class space    used 2463K, committed 2624K, reserved 1048576K
}
Event: 100.897 GC heap before
{Heap before GC invocations=9 (full 0):
 garbage-first heap   total reserved 1026048K, committed 81920K, used 40210K [0x00000000c1600000, 0x0000000100000000)
  region size 1024K, 3 young (3072K), 2 survivors (2048K)
 Metaspace       used 21258K, committed 21632K, reserved 1114112K
  class space    used 2463K, committed 2624K, reserved 1048576K
}
Event: 100.902 GC heap after
{Heap after GC invocations=10 (full 0):
 garbage-first heap   total reserved 1026048K, committed 171008K, used 40222K [0x00000000c1600000, 0x0000000100000000)
  region size 1024K, 2 young (2048K), 2 survivors (2048K)
 Metaspace       used 21258K, committed 21632K, reserved 1114112K
  class space    used 2463K, committed 2624K, reserved 1048576K
}
Event: 100.957 GC heap before
{Heap before GC invocations=10 (full 0):
 garbage-first heap   total reserved 1026048K, committed 171008K, used 75038K [0x00000000c1600000, 0x0000000100000000)
  region size 1024K, 3 young (3072K), 2 survivors (2048K)
 Metaspace       used 21267K, committed 21632K, reserved 1114112K
  class space    used 2464K, committed 2624K, reserved 1048576K
}
Event: 100.961 GC heap after
{Heap after GC invocations=11 (full 0):
 garbage-first heap   total reserved 1026048K, committed 171008K, used 54658K [0x00000000c1600000, 0x0000000100000000)
  region size 1024K, 2 young (2048K), 2 survivors (2048K)
 Metaspace       used 21267K, committed 21632K, reserved 1114112K
  class space    used 2464K, committed 2624K, reserved 1048576K
}
Event: 101.074 GC heap before
{Heap before GC invocations=11 (full 0):
 garbage-first heap   total reserved 1026048K, committed 171008K, used 80258K [0x00000000c1600000, 0x0000000100000000)
  region size 1024K, 5 young (5120K), 2 survivors (2048K)
 Metaspace       used 21267K, committed 21632K, reserved 1114112K
  class space    used 2464K, committed 2624K, reserved 1048576K
}
Event: 101.077 GC heap after
{Heap after GC invocations=12 (full 0):
 garbage-first heap   total reserved 1026048K, committed 171008K, used 59677K [0x00000000c1600000, 0x0000000100000000)
  region size 1024K, 2 young (2048K), 2 survivors (2048K)
 Metaspace       used 21267K, committed 21632K, reserved 1114112K
  class space    used 2464K, committed 2624K, reserved 1048576K
}
Event: 101.235 GC heap before
{Heap before GC invocations=12 (full 0):
 garbage-first heap   total reserved 1026048K, committed 171008K, used 76061K [0x00000000c1600000, 0x0000000100000000)
  region size 1024K, 4 young (4096K), 2 survivors (2048K)
 Metaspace       used 21269K, committed 21632K, reserved 1114112K
  class space    used 2464K, committed 2624K, reserved 1048576K
}
Event: 101.241 GC heap after
{Heap after GC invocations=13 (full 0):
 garbage-first heap   total reserved 1026048K, committed 171008K, used 54489K [0x00000000c1600000, 0x0000000100000000)
  region size 1024K, 2 young (2048K), 2 survivors (2048K)
 Metaspace       used 21269K, committed 21632K, reserved 1114112K
  class space    used 2464K, committed 2624K, reserved 1048576K
}
Event: 101.250 GC heap before
{Heap before GC invocations=13 (full 0):
 garbage-first heap   total reserved 1026048K, committed 171008K, used 74969K [0x00000000c1600000, 0x0000000100000000)
  region size 1024K, 3 young (3072K), 2 survivors (2048K)
 Metaspace       used 21271K, committed 21632K, reserved 1114112K
  class space    used 2464K, committed 2624K, reserved 1048576K
}

Dll operation events (14 events):
Event: 0.101 Loaded shared library C:\Users\Majid\.jdks\openjdk-23.0.1\bin\java.dll
Event: 0.470 Loaded shared library C:\Users\Majid\.jdks\openjdk-23.0.1\bin\jsvml.dll
Event: 0.690 Loaded shared library C:\Users\Majid\.jdks\openjdk-23.0.1\bin\zip.dll
Event: 0.702 Loaded shared library C:\Users\Majid\.jdks\openjdk-23.0.1\bin\instrument.dll
Event: 0.714 Loaded shared library C:\Users\Majid\.jdks\openjdk-23.0.1\bin\net.dll
Event: 0.720 Loaded shared library C:\Users\Majid\.jdks\openjdk-23.0.1\bin\nio.dll
Event: 0.736 Loaded shared library C:\Users\Majid\.jdks\openjdk-23.0.1\bin\zip.dll
Event: 0.802 Loaded shared library C:\Program Files\JetBrains\IntelliJ IDEA Community Edition 2024.3.2\bin\breakgen64.dll
Event: 0.937 Loaded shared library C:\Users\Majid\.jdks\openjdk-23.0.1\bin\extnet.dll
Event: 0.947 Loaded shared library C:\Users\Majid\.jdks\openjdk-23.0.1\bin\jimage.dll
Event: 1.028 Loaded shared library C:\Users\Majid\.jdks\openjdk-23.0.1\bin\awt.dll
Event: 2.206 Loaded shared library C:\Users\Majid\.jdks\openjdk-23.0.1\bin\freetype.dll
Event: 2.211 Loaded shared library C:\Users\Majid\.jdks\openjdk-23.0.1\bin\fontmanager.dll
Event: 93.622 Loaded shared library C:\Users\Majid\.jdks\openjdk-23.0.1\bin\sunmscapi.dll

Deoptimization events (20 events):
Event: 100.813 Thread 0x0000024ec3d4d420 DEOPT PACKING pc=0x0000024ed4004ed4 sp=0x000000c26ccfecd0
Event: 100.813 Thread 0x0000024ec3d4d420 DEOPT UNPACKING pc=0x0000024ed3a14402 sp=0x000000c26ccfebd8 mode 2
Event: 100.827 Thread 0x0000024ec3d4d420 Uncommon trap: trap_request=0xffffff45 fr.pc=0x0000024ed3fe1c1c relative=0x00000000000004dc
Event: 100.827 Thread 0x0000024ec3d4d420 Uncommon trap: reason=unstable_if action=reinterpret pc=0x0000024ed3fe1c1c method=java.lang.AbstractStringBuilder.isLatin1()Z @ 10 c2
Event: 100.827 Thread 0x0000024ec3d4d420 DEOPT PACKING pc=0x0000024ed3fe1c1c sp=0x000000c26ccfec00
Event: 100.827 Thread 0x0000024ec3d4d420 DEOPT UNPACKING pc=0x0000024ed3a14402 sp=0x000000c26ccfeb70 mode 2
Event: 100.881 Thread 0x0000024ec3d4d420 Uncommon trap: trap_request=0xffffff45 fr.pc=0x0000024ed3fd8be4 relative=0x0000000000000064
Event: 100.881 Thread 0x0000024ec3d4d420 Uncommon trap: reason=unstable_if action=reinterpret pc=0x0000024ed3fd8be4 method=java.lang.CharacterDataLatin1.toUpperCase(I)I @ 17 c2
Event: 100.881 Thread 0x0000024ec3d4d420 DEOPT PACKING pc=0x0000024ed3fd8be4 sp=0x000000c26ccfecf0
Event: 100.881 Thread 0x0000024ec3d4d420 DEOPT UNPACKING pc=0x0000024ed3a14402 sp=0x000000c26ccfec70 mode 2
Event: 100.979 Thread 0x0000024ec3d4d420 DEOPT PACKING pc=0x0000024ecc96641a sp=0x000000c26ccfefa0
Event: 100.979 Thread 0x0000024ec3d4d420 DEOPT UNPACKING pc=0x0000024ed3a14b22 sp=0x000000c26ccfe418 mode 0
Event: 101.009 Thread 0x0000024ec3d4d420 Uncommon trap: trap_request=0xffffff45 fr.pc=0x0000024ed4037da4 relative=0x0000000000000384
Event: 101.009 Thread 0x0000024ec3d4d420 Uncommon trap: reason=unstable_if action=reinterpret pc=0x0000024ed4037da4 method=java.lang.StringUTF16.indexOfLatin1Unsafe([BI[BII)I @ 120 c2
Event: 101.009 Thread 0x0000024ec3d4d420 DEOPT PACKING pc=0x0000024ed4037da4 sp=0x000000c26ccfef80
Event: 101.009 Thread 0x0000024ec3d4d420 DEOPT UNPACKING pc=0x0000024ed3a14402 sp=0x000000c26ccfef08 mode 2
Event: 101.010 Thread 0x0000024ec3d4d420 DEOPT PACKING pc=0x0000024ecc96a89a sp=0x000000c26ccfef70
Event: 101.010 Thread 0x0000024ec3d4d420 DEOPT UNPACKING pc=0x0000024ed3a14b22 sp=0x000000c26ccfe3e8 mode 0
Event: 101.011 Thread 0x0000024ec3d4d420 DEOPT PACKING pc=0x0000024ecc96a89a sp=0x000000c26ccfef70
Event: 101.011 Thread 0x0000024ec3d4d420 DEOPT UNPACKING pc=0x0000024ed3a14b22 sp=0x000000c26ccfe3e8 mode 0

Classes loaded (20 events):
Event: 95.523 Loading class java/text/ParseException
Event: 95.523 Loading class java/text/ParseException done
Event: 95.525 Loading class java/util/zip/CheckedInputStream
Event: 95.526 Loading class java/util/zip/CheckedInputStream done
Event: 95.738 Loading class java/nio/HeapByteBufferR
Event: 95.738 Loading class java/nio/HeapByteBufferR done
Event: 95.740 Loading class java/net/SocketTimeoutException
Event: 95.740 Loading class java/io/InterruptedIOException
Event: 95.741 Loading class java/io/InterruptedIOException done
Event: 95.741 Loading class java/net/SocketTimeoutException done
Event: 100.568 Loading class java/util/concurrent/CompletionException
Event: 100.568 Loading class java/util/concurrent/CompletionException done
Event: 100.651 Loading class java/lang/CloneNotSupportedException
Event: 100.651 Loading class java/lang/CloneNotSupportedException done
Event: 100.652 Loading class java/util/regex/PatternSyntaxException
Event: 100.652 Loading class java/util/regex/PatternSyntaxException done
Event: 100.676 Loading class java/util/DualPivotQuicksort
Event: 100.677 Loading class java/util/DualPivotQuicksort done
Event: 100.878 Loading class java/lang/invoke/DirectMethodHandle$Special
Event: 100.878 Loading class java/lang/invoke/DirectMethodHandle$Special done

Classes unloaded (0 events):
No events

Classes redefined (0 events):
No events

Internal exceptions (20 events):
Event: 93.058 Thread 0x0000024ec3d4d420 Exception <a 'java/lang/NoSuchMethodError'{0x00000000c549f3e0}: 'int java.lang.invoke.DirectMethodHandle$Holder.invokeStaticInit(java.lang.Object, float, float)'> (0x00000000c549f3e0) 
thrown [s\open\src\hotspot\share\interpreter\linkResolver.cpp, line 796]
Event: 93.059 Thread 0x0000024ec3d4d420 Exception <a 'java/lang/NoSuchMethodError'{0x00000000c54a5e80}: 'int java.lang.invoke.DirectMethodHandle$Holder.invokeStaticInit(java.lang.Object, double, double)'> (0x00000000c54a5e80) 
thrown [s\open\src\hotspot\share\interpreter\linkResolver.cpp, line 796]
Event: 93.060 Thread 0x0000024ec3d4d420 Exception <a 'java/lang/NoSuchMethodError'{0x00000000c54aa4d8}: 'int java.lang.invoke.DirectMethodHandle$Holder.invokeStatic(java.lang.Object, long)'> (0x00000000c54aa4d8) 
thrown [s\open\src\hotspot\share\interpreter\linkResolver.cpp, line 796]
Event: 93.064 Thread 0x0000024ec3d4d420 Exception <a 'java/lang/NoSuchMethodError'{0x00000000c54be878}: 'int java.lang.invoke.DirectMethodHandle$Holder.invokeSpecial(java.lang.Object, java.lang.Object, java.lang.Object, java.lang.Object)'> (0x00000000c54be878) 
thrown [s\open\src\hotspot\share\interpreter\linkResolver.cpp, line 796]
Event: 93.070 Thread 0x0000024ec3d4d420 Exception <a 'java/lang/NoSuchMethodError'{0x00000000c54d32a8}: 'java.lang.Object java.lang.invoke.DirectMethodHandle$Holder.invokeSpecial(java.lang.Object, java.lang.Object, int, java.lang.Object, java.lang.Object)'> (0x00000000c54d32a8) 
thrown [s\open\src\hotspot\share\interpreter\linkResolver.cpp, line 796]
Event: 93.071 Thread 0x0000024ec3d4d420 Exception <a 'java/lang/NoSuchMethodError'{0x00000000c54d6c40}: 'java.lang.Object java.lang.invoke.DelegatingMethodHandle$Holder.delegate(java.lang.Object, int, java.lang.Object, java.lang.Object)'> (0x00000000c54d6c40) 
thrown [s\open\src\hotspot\share\interpreter\linkResolver.cpp, line 796]
Event: 93.075 Thread 0x0000024ec3d4d420 Exception <a 'java/lang/NoSuchMethodError'{0x00000000c54e6620}: 'int java.lang.invoke.Invokers$Holder.linkToTargetMethod(java.lang.Object, java.lang.Object, java.lang.Object)'> (0x00000000c54e6620) 
thrown [s\open\src\hotspot\share\interpreter\linkResolver.cpp, line 796]
Event: 93.080 Thread 0x0000024ec3d4d420 Exception <a 'java/lang/NoSuchMethodError'{0x00000000c54f5af0}: 'long java.lang.invoke.DirectMethodHandle$Holder.invokeSpecial(java.lang.Object, java.lang.Object)'> (0x00000000c54f5af0) 
thrown [s\open\src\hotspot\share\interpreter\linkResolver.cpp, line 796]
Event: 93.211 Thread 0x0000024ec3d4d420 Exception <a 'sun/nio/fs/WindowsException'{0x00000000c5222d30}> (0x00000000c5222d30) 
thrown [s\open\src\hotspot\share\prims\jni.cpp, line 520]
Event: 93.433 Thread 0x0000024ec3d4d420 Exception <a 'java/lang/NoSuchMethodError'{0x00000000c4c970e8}: 'java.lang.Object java.lang.invoke.DirectMethodHandle$Holder.invokeStaticInit(java.lang.Object, int, int, int, int)'> (0x00000000c4c970e8) 
thrown [s\open\src\hotspot\share\interpreter\linkResolver.cpp, line 796]
Event: 93.475 Thread 0x0000024ec3d4d420 Exception <a 'java/lang/NoSuchMethodError'{0x00000000c4cbfac8}: 'java.lang.Object java.lang.invoke.DirectMethodHandle$Holder.invokeStaticInit(java.lang.Object, java.lang.Object, int, int, int, int)'> (0x00000000c4cbfac8) 
thrown [s\open\src\hotspot\share\interpreter\linkResolver.cpp, line 796]
Event: 93.800 Thread 0x0000024ec3d4d420 Exception <a 'java/lang/NoSuchMethodError'{0x00000000c4bca150}: 'java.lang.Object java.lang.invoke.DirectMethodHandle$Holder.invokeSpecial(java.lang.Object, java.lang.Object, java.lang.Object, java.lang.Object, int)'> (0x00000000c4bca150) 
thrown [s\open\src\hotspot\share\interpreter\linkResolver.cpp, line 796]
Event: 93.801 Thread 0x0000024ec3d4d420 Exception <a 'java/lang/NoSuchMethodError'{0x00000000c4bcdac0}: 'java.lang.Object java.lang.invoke.Invokers$Holder.linkToTargetMethod(java.lang.Object, java.lang.Object, int, java.lang.Object)'> (0x00000000c4bcdac0) 
thrown [s\open\src\hotspot\share\interpreter\linkResolver.cpp, line 796]
Event: 93.829 Thread 0x0000024ec3d4d420 Exception <a 'java/lang/NoSuchMethodError'{0x00000000c4a11748}: 'void java.lang.invoke.DirectMethodHandle$Holder.invokeSpecial(java.lang.Object, java.lang.Object, java.lang.Object, java.lang.Object, java.lang.Object, java.lang.Object)'> (0x00000000c4a11748) 
thrown [s\open\src\hotspot\share\interpreter\linkResolver.cpp, line 796]
Event: 93.964 Thread 0x0000024f24896ac0 Exception <a 'java/lang/NoSuchMethodError'{0x00000000c4b6e698}: 'int java.lang.invoke.DirectMethodHandle$Holder.invokeStatic(java.lang.Object, int, java.lang.Object)'> (0x00000000c4b6e698) 
thrown [s\open\src\hotspot\share\interpreter\linkResolver.cpp, line 796]
Event: 93.966 Thread 0x0000024f24896ac0 Exception <a 'java/lang/NoSuchMethodError'{0x00000000c4a49d60}: 'void java.lang.invoke.DirectMethodHandle$Holder.invokeStatic(java.lang.Object, java.lang.Object, int)'> (0x00000000c4a49d60) 
thrown [s\open\src\hotspot\share\interpreter\linkResolver.cpp, line 796]
Event: 93.971 Thread 0x0000024f24897150 Exception <a 'java/lang/NoSuchMethodError'{0x00000000c4a5c780}: 'void java.lang.invoke.DirectMethodHandle$Holder.invokeInterface(java.lang.Object, java.lang.Object, java.lang.Object)'> (0x00000000c4a5c780) 
thrown [s\open\src\hotspot\share\interpreter\linkResolver.cpp, line 796]
Event: 94.569 Thread 0x0000024f24897150 Exception <a 'java/lang/NoSuchMethodError'{0x00000000c558d578}: 'void java.lang.invoke.DirectMethodHandle$Holder.invokeInterface(java.lang.Object, java.lang.Object)'> (0x00000000c558d578) 
thrown [s\open\src\hotspot\share\interpreter\linkResolver.cpp, line 796]
Event: 94.615 Thread 0x0000024f24897150 Exception <a 'java/lang/NoSuchMethodError'{0x00000000c540e5e0}: 'void java.lang.invoke.DirectMethodHandle$Holder.invokeStaticInit(java.lang.Object, java.lang.Object, java.lang.Object)'> (0x00000000c540e5e0) 
thrown [s\open\src\hotspot\share\interpreter\linkResolver.cpp, line 796]
Event: 100.710 Thread 0x0000024ec3d4d420 Exception <a 'java/lang/NoSuchMethodError'{0x00000000c54e4a00}: 'void java.lang.invoke.DirectMethodHandle$Holder.invokeStaticInit(java.lang.Object, java.lang.Object)'> (0x00000000c54e4a00) 
thrown [s\open\src\hotspot\share\interpreter\linkResolver.cpp, line 796]

VM Operations (20 events):
Event: 100.817 Executing VM operation: G1TryInitiateConcMark (G1 Humongous Allocation) done
Event: 100.821 Executing VM operation: G1TryInitiateConcMark (G1 Humongous Allocation)
Event: 100.825 Executing VM operation: G1TryInitiateConcMark (G1 Humongous Allocation) done
Event: 100.854 Executing VM operation: G1PauseRemark
Event: 100.868 Executing VM operation: G1PauseRemark done
Event: 100.878 Executing VM operation: G1PauseCleanup
Event: 100.878 Executing VM operation: G1PauseCleanup done
Event: 100.885 Executing VM operation: HandshakeAllThreads (Deoptimize)
Event: 100.885 Executing VM operation: HandshakeAllThreads (Deoptimize) done
Event: 100.893 Executing VM operation: G1TryInitiateConcMark (G1 Humongous Allocation)
Event: 100.897 Executing VM operation: G1TryInitiateConcMark (G1 Humongous Allocation) done
Event: 100.897 Executing VM operation: G1TryInitiateConcMark (G1 Humongous Allocation)
Event: 100.902 Executing VM operation: G1TryInitiateConcMark (G1 Humongous Allocation) done
Event: 100.957 Executing VM operation: G1TryInitiateConcMark (G1 Humongous Allocation)
Event: 100.961 Executing VM operation: G1TryInitiateConcMark (G1 Humongous Allocation) done
Event: 101.074 Executing VM operation: G1TryInitiateConcMark (G1 Humongous Allocation)
Event: 101.077 Executing VM operation: G1TryInitiateConcMark (G1 Humongous Allocation) done
Event: 101.235 Executing VM operation: G1TryInitiateConcMark (G1 Humongous Allocation)
Event: 101.241 Executing VM operation: G1TryInitiateConcMark (G1 Humongous Allocation) done
Event: 101.250 Executing VM operation: G1TryInitiateConcMark (G1 Humongous Allocation)

Memory protections (0 events):
No events

Nmethod flushes (0 events):
No events

Events (20 events):
Event: 0.438 Thread 0x0000024ec3d44270 Thread added: 0x0000024ec3e1e7e0
Event: 0.438 Thread 0x0000024ec3d44270 Thread added: 0x0000024ededa33f0
Event: 0.438 Thread 0x0000024ec3d44270 Thread added: 0x0000024ededa3e50
Event: 0.439 Thread 0x0000024ec3d44270 Thread added: 0x0000024ededa48b0
Event: 0.440 Thread 0x0000024ec3d44270 Thread added: 0x0000024ededa5640
Event: 0.442 Thread 0x0000024ec3d44270 Thread added: 0x0000024ededa7100
Event: 0.586 Thread 0x0000024ec3d44270 Thread added: 0x0000024edee7e7e0
Event: 0.805 Thread 0x0000024ec3d44270 Thread added: 0x0000024f24171b70
Event: 0.806 Thread 0x0000024ec3d44270 Thread added: 0x0000024f241721e0
Event: 1.325 Thread 0x0000024ec3d44270 Thread added: 0x0000024f242f11f0
Event: 1.330 Thread 0x0000024ec3d44270 Thread added: 0x0000024f242f1e40
Event: 1.357 Thread 0x0000024ec3d44270 Thread added: 0x0000024f242fadc0
Event: 1.429 Thread 0x0000024ec3d44270 Thread added: 0x0000024f243113e0
Event: 1.431 Thread 0x0000024ec3d44270 Thread exited: 0x0000024ec3d44270
Event: 1.431 Thread 0x0000024ec3d44270 Thread added: 0x0000024ec3d44270
Event: 2.724 Thread 0x0000024f243113e0 Thread added: 0x0000024f243c77f0
Event: 92.674 Thread 0x0000024f243113e0 Thread added: 0x0000024ec3d4d420
Event: 93.695 Thread 0x0000024ec3d4d420 Thread added: 0x0000024f24896ac0
Event: 93.968 Thread 0x0000024f24896ac0 Thread added: 0x0000024f24897150
Event: 93.990 Thread 0x0000024f24896ac0 Thread added: 0x0000024f248977e0


Dynamic libraries:
0x00007ff7d0760000 - 0x00007ff7d076e000 	C:\Users\Majid\.jdks\openjdk-23.0.1\bin\java.exe
0x00007ffe75470000 - 0x00007ffe75668000 	C:\Windows\SYSTEM32\ntdll.dll
0x00007ffe73b30000 - 0x00007ffe73bef000 	C:\Windows\System32\KERNEL32.DLL
0x00007ffe730b0000 - 0x00007ffe733a6000 	C:\Windows\System32\KERNELBASE.dll
0x00007ffe72dd0000 - 0x00007ffe72ed0000 	C:\Windows\System32\ucrtbase.dll
0x00007ffe6b770000 - 0x00007ffe6b78b000 	C:\Users\Majid\.jdks\openjdk-23.0.1\bin\VCRUNTIME140.dll
0x00007ffe6cb30000 - 0x00007ffe6cb47000 	C:\Users\Majid\.jdks\openjdk-23.0.1\bin\jli.dll
0x00007ffe74b50000 - 0x00007ffe74ced000 	C:\Windows\System32\USER32.dll
0x00007ffe72c40000 - 0x00007ffe72c62000 	C:\Windows\System32\win32u.dll
0x00007ffe73a20000 - 0x00007ffe73a4c000 	C:\Windows\System32\GDI32.dll
0x00007ffe733b0000 - 0x00007ffe734c5000 	C:\Windows\System32\gdi32full.dll
0x00007ffe72f80000 - 0x00007ffe7301d000 	C:\Windows\System32\msvcp_win.dll
0x00007ffe60210000 - 0x00007ffe604aa000 	C:\Windows\WinSxS\amd64_microsoft.windows.common-controls_6595b64144ccf1df_6.0.19041.1110_none_60b5254171f9507e\COMCTL32.dll
0x00007ffe750b0000 - 0x00007ffe7514e000 	C:\Windows\System32\msvcrt.dll
0x00007ffe739f0000 - 0x00007ffe73a20000 	C:\Windows\System32\IMM32.DLL
0x00007ffe6e600000 - 0x00007ffe6e60c000 	C:\Users\Majid\.jdks\openjdk-23.0.1\bin\vcruntime140_1.dll
0x00007ffe52a80000 - 0x00007ffe52b0e000 	C:\Users\Majid\.jdks\openjdk-23.0.1\bin\msvcp140.dll
0x00007ffe07610000 - 0x00007ffe0835f000 	C:\Users\Majid\.jdks\openjdk-23.0.1\bin\server\jvm.dll
0x00007ffe73bf0000 - 0x00007ffe73c9f000 	C:\Windows\System32\ADVAPI32.dll
0x00007ffe74ed0000 - 0x00007ffe74f6c000 	C:\Windows\System32\sechost.dll
0x00007ffe75150000 - 0x00007ffe75276000 	C:\Windows\System32\RPCRT4.dll
0x00007ffe74e60000 - 0x00007ffe74ecb000 	C:\Windows\System32\WS2_32.dll
0x00007ffe729c0000 - 0x00007ffe72a0b000 	C:\Windows\SYSTEM32\POWRPROF.dll
0x00007ffe61c60000 - 0x00007ffe61c87000 	C:\Windows\SYSTEM32\WINMM.dll
0x00007ffe65e00000 - 0x00007ffe65e0a000 	C:\Windows\SYSTEM32\VERSION.dll
0x00007ffe729a0000 - 0x00007ffe729b2000 	C:\Windows\SYSTEM32\UMPDC.dll
0x00007ffe70a00000 - 0x00007ffe70a12000 	C:\Windows\SYSTEM32\kernel.appcore.dll
0x00007ffe6cd90000 - 0x00007ffe6cd9a000 	C:\Users\Majid\.jdks\openjdk-23.0.1\bin\jimage.dll
0x00007ffe640a0000 - 0x00007ffe64284000 	C:\Windows\SYSTEM32\DBGHELP.DLL
0x00007ffe64060000 - 0x00007ffe64094000 	C:\Windows\SYSTEM32\dbgcore.DLL
0x00007ffe73020000 - 0x00007ffe730a2000 	C:\Windows\System32\bcryptPrimitives.dll
0x00007ffe6cd60000 - 0x00007ffe6cd6f000 	C:\Users\Majid\.jdks\openjdk-23.0.1\bin\instrument.dll
0x00007ffe6b750000 - 0x00007ffe6b76e000 	C:\Users\Majid\.jdks\openjdk-23.0.1\bin\java.dll
0x00007ffe74880000 - 0x00007ffe749aa000 	C:\Windows\System32\ole32.dll
0x00007ffe73ca0000 - 0x00007ffe73ff4000 	C:\Windows\System32\combase.dll
0x00007ffe74000000 - 0x00007ffe74744000 	C:\Windows\System32\SHELL32.dll
0x00007ffe70c00000 - 0x00007ffe71393000 	C:\Windows\SYSTEM32\windows.storage.dll
0x00007ffe724c0000 - 0x00007ffe724ee000 	C:\Windows\SYSTEM32\Wldp.dll
0x00007ffe74750000 - 0x00007ffe747fd000 	C:\Windows\System32\SHCORE.dll
0x00007ffe74ad0000 - 0x00007ffe74b25000 	C:\Windows\System32\shlwapi.dll
0x00007ffe72a90000 - 0x00007ffe72aaf000 	C:\Windows\SYSTEM32\profapi.dll
0x00007ffe51730000 - 0x00007ffe51807000 	C:\Users\Majid\.jdks\openjdk-23.0.1\bin\jsvml.dll
0x00007ffe6b730000 - 0x00007ffe6b747000 	C:\Users\Majid\.jdks\openjdk-23.0.1\bin\zip.dll
0x00007ffe6b800000 - 0x00007ffe6b810000 	C:\Users\Majid\.jdks\openjdk-23.0.1\bin\net.dll
0x00007ffe72220000 - 0x00007ffe7228a000 	C:\Windows\system32\mswsock.dll
0x00007ffe6b710000 - 0x00007ffe6b726000 	C:\Users\Majid\.jdks\openjdk-23.0.1\bin\nio.dll
0x00007ffe66830000 - 0x00007ffe6684a000 	C:\Program Files\JetBrains\IntelliJ IDEA Community Edition 2024.3.2\bin\breakgen64.dll
0x00007ffe68e70000 - 0x00007ffe68e79000 	C:\Users\Majid\.jdks\openjdk-23.0.1\bin\extnet.dll
0x00007ffe0b180000 - 0x00007ffe0b30d000 	C:\Users\Majid\.jdks\openjdk-23.0.1\bin\awt.dll
0x00007ffe73a50000 - 0x00007ffe73b1d000 	C:\Windows\System32\OLEAUT32.dll
0x00007ffe703d0000 - 0x00007ffe70461000 	C:\Windows\SYSTEM32\apphelp.dll
0x00007ffe70530000 - 0x00007ffe705ce000 	C:\Windows\system32\uxtheme.dll
0x00007ffe749b0000 - 0x00007ffe74ac4000 	C:\Windows\System32\MSCTF.dll
0x00007ffe70710000 - 0x00007ffe7073f000 	C:\Windows\system32\DWMAPI.DLL
0x00007ffe61390000 - 0x00007ffe614b5000 	C:\Windows\system32\opengl32.dll
0x00007ffe616f0000 - 0x00007ffe6171c000 	C:\Windows\SYSTEM32\GLU32.dll
0x00007ffe4e860000 - 0x00007ffe4e8e7000 	C:\Users\Majid\.jdks\openjdk-23.0.1\bin\freetype.dll
0x00007ffe4c320000 - 0x00007ffe4c3f7000 	C:\Users\Majid\.jdks\openjdk-23.0.1\bin\fontmanager.dll
0x00007ffe73940000 - 0x00007ffe739e9000 	C:\Windows\System32\clbcatq.dll
0x00007ffe6d6e0000 - 0x00007ffe6d894000 	C:\Windows\SYSTEM32\WindowsCodecs.dll
0x00007ffe72ba0000 - 0x00007ffe72bc7000 	C:\Windows\System32\bcrypt.dll
0x00007ffe5ad40000 - 0x00007ffe5ad7e000 	C:\Windows\system32\dataexchange.dll
0x00007ffe6e820000 - 0x00007ffe6ea83000 	C:\Windows\system32\d3d11.dll
0x00007ffe6f760000 - 0x00007ffe6f943000 	C:\Windows\system32\dcomp.dll
0x00007ffe71400000 - 0x00007ffe714f3000 	C:\Windows\system32\dxgi.dll
0x00007ffe6d8a0000 - 0x00007ffe6daa7000 	C:\Windows\system32\twinapi.appcore.dll
0x00007ffe61a50000 - 0x00007ffe61b49000 	C:\Windows\SYSTEM32\textinputframework.dll
0x00007ffe6fce0000 - 0x00007ffe7003e000 	C:\Windows\System32\CoreUIComponents.dll
0x00007ffe70040000 - 0x00007ffe70132000 	C:\Windows\System32\CoreMessaging.dll
0x00007ffe71c60000 - 0x00007ffe71c93000 	C:\Windows\SYSTEM32\ntmarta.dll
0x00007ffe6f600000 - 0x00007ffe6f754000 	C:\Windows\SYSTEM32\wintypes.dll
0x00007ffe52150000 - 0x00007ffe52445000 	C:\Windows\System32\uiautomationcore.dll
0x00007ffe6e6a0000 - 0x00007ffe6e796000 	C:\Windows\System32\PROPSYS.dll
0x00007ffe72430000 - 0x00007ffe7243c000 	C:\Windows\SYSTEM32\CRYPTBASE.DLL
0x00007ffe5d770000 - 0x00007ffe5d7d6000 	C:\Windows\System32\OLEACC.dll
0x00007ffe72410000 - 0x00007ffe72428000 	C:\Windows\SYSTEM32\CRYPTSP.dll
0x00007ffe71b40000 - 0x00007ffe71b74000 	C:\Windows\system32\rsaenh.dll
0x00007ffe72a50000 - 0x00007ffe72a7e000 	C:\Windows\SYSTEM32\USERENV.dll
0x00007ffe71f10000 - 0x00007ffe71f4c000 	C:\Windows\SYSTEM32\IPHLPAPI.DLL
0x00007ffe74b30000 - 0x00007ffe74b38000 	C:\Windows\System32\NSI.dll
0x00007ffe67010000 - 0x00007ffe6701e000 	C:\Users\Majid\.jdks\openjdk-23.0.1\bin\sunmscapi.dll
0x00007ffe72c70000 - 0x00007ffe72dce000 	C:\Windows\System32\CRYPT32.dll
0x00007ffe72530000 - 0x00007ffe72558000 	C:\Windows\SYSTEM32\ncrypt.dll
0x00007ffe724f0000 - 0x00007ffe7252b000 	C:\Windows\SYSTEM32\NTASN1.dll
0x00007ffe59750000 - 0x00007ffe59757000 	C:\Windows\system32\wshunix.dll
0x00007ffe71f50000 - 0x00007ffe7201a000 	C:\Windows\SYSTEM32\DNSAPI.dll
0x00000000637a0000 - 0x00000000637aa000 	C:\Program Files\National Instruments\Shared\mDNS Responder\nimdnsNSP.dll
0x0000000063790000 - 0x00000000637a0000 	C:\Windows\SYSTEM32\nimdnsResponder.dll
0x00007ffe65b40000 - 0x00007ffe65b4a000 	C:\Windows\System32\rasadhlp.dll
0x00007ffe65d70000 - 0x00007ffe65df2000 	C:\Windows\System32\fwpuclnt.dll

dbghelp: loaded successfully - version: 4.0.5 - missing functions: none
symbol engine: initialized successfully - sym options: 0x614 - pdb path: .;C:\Users\Majid\.jdks\openjdk-23.0.1\bin;C:\Windows\SYSTEM32;C:\Windows\WinSxS\amd64_microsoft.windows.common-controls_6595b64144ccf1df_6.0.19041.1110_none_60b5254171f9507e;C:\Users\Majid\.jdks\openjdk-23.0.1\bin\server;C:\Program Files\JetBrains\IntelliJ IDEA Community Edition 2024.3.2\bin;C:\Program Files\National Instruments\Shared\mDNS Responder

VM Arguments:
jvm_args: -javaagent:C:\Program Files\JetBrains\IntelliJ IDEA Community Edition 2024.3.2\lib\idea_rt.jar=53390:C:\Program Files\JetBrains\IntelliJ IDEA Community Edition 2024.3.2\bin -Dfile.encoding=UTF-8 -Dsun.stdout.encoding=UTF-8 -Dsun.stderr.encoding=UTF-8 
java_command: WebScraperApp
java_class_path (initial): C:\Users\Majid\Desktop\Web_Scraper\out\production\Web_Scraper;C:\Users\Majid\Desktop\Web_Scraper\lib\flatlaf-3.1.jar;C:\Users\Majid\Desktop\Web_Scraper\lib\json-20240303.jar;C:\Users\Majid\Desktop\Web_Scraper\lib\jsoup-1.21.2.jar
Launcher Type: SUN_STANDARD

[Global flags]
     intx CICompilerCount                          = 3                                         {product} {ergonomic}
     uint ConcGCThreads                            = 1                                         {product} {ergonomic}
     uint G1ConcRefinementThreads                  = 4                                         {product} {ergonomic}
   size_t G1HeapRegionSize                         = 1048576                                   {product} {ergonomic}
   size_t InitialHeapSize                          = 67108864                                  {product} {ergonomic}
   size_t MarkStackSize                            = 4194304                                   {product} {ergonomic}
   size_t MarkStackSizeMax                         = 536870912                                 {product} {ergonomic}
   size_t MaxHeapSize                              = 1050673152                                {product} {ergonomic}
   size_t MaxNewSize                               = 630194176                                 {product} {ergonomic}
   size_t MinHeapDeltaBytes                        = 1048576                                   {product} {ergonomic}
   size_t MinHeapSize                              = 8388608                                   {product} {ergonomic}
    uintx NonNMethodCodeHeapSize                   = 5832704                                {pd product} {ergonomic}
    uintx NonProfiledCodeHeapSize                  = 122945536                              {pd product} {ergonomic}
    uintx ProfiledCodeHeapSize                     = 122880000                              {pd product} {ergonomic}
    uintx ReservedCodeCacheSize                    = 251658240                              {pd product} {ergonomic}
     bool SegmentedCodeCache                       = true                                      {product} {ergonomic}
   size_t SoftMaxHeapSize                          = 1050673152                             {manageable} {ergonomic}
     bool UseCompressedOops                        = true                           {product lp64_product} {ergonomic}
     bool UseG1GC                                  = true                                      {product} {ergonomic}
     bool UseLargePagesIndividualAllocation        = false                                  {pd product} {ergonomic}

Logging:
Log output configuration:
 #0: stdout all=warning uptime,level,tags foldmultilines=false
 #1: stderr all=off uptime,level,tags foldmultilines=false

Environment Variables:
PATH=C:\Program Files\Python314\Scripts\;C:\Program Files\Python314\;C:\Program Files\Common Files\Oracle\Java\javapath;C:\Windows\system32;C:\Windows;C:\Windows\System32\Wbem;C:\Windows\System32\WindowsPowerShell\v1.0\;C:\Windows\System32\OpenSSH\;C:\Program Files\Java\jdk-23\bin;C:\Program Files\MySQL\MySQL Server 8.0\bin;C:\Program Files\Java\jdk-23\bin;C:\Program Files\MySQL\MySQL Shell 8.0\bin\;C:\Users\Majid\AppData\Local\Microsoft\WindowsApps;;C:\Users\Majid\AppData\Local\Programs\Microsoft VS Code\bin;C:\Program Files\JetBrains\IntelliJ IDEA Community Edition 2024.3.2\bin;
USERNAME=Majid
OS=Windows_NT
PROCESSOR_IDENTIFIER=Intel64 Family 6 Model 69 Stepping 1, GenuineIntel
TMP=C:\Users\Majid\AppData\Local\Temp
TEMP=C:\Users\Majid\AppData\Local\Temp




Periodic native trim disabled

---------------  S Y S T E M  ---------------

OS:
 Windows 10 , 64 bit Build 19041 (10.0.19041.3031)
OS uptime: 0 days 11:52 hours

CPU: total 4 (initial active 4) (2 cores per cpu, 2 threads per core) family 6 model 69 stepping 1 microcode 0x26, cx8, cmov, fxsr, ht, mmx, sse, sse2, sse3, ssse3, sse4.1, sse4.2, popcnt, lzcnt, tsc, tscinvbit, avx, avx2, aes, erms, clmul, bmi1, bmi2, fma, vzeroupper, clflush, rdtscp, f16c
Processor Information for the first 4 processors :
  Max Mhz: 2601, Current Mhz: 2601, Mhz Limit: 2601

Memory: 4k page, system-wide physical 4001M (383M free)
TotalPageFile size 16289M (AvailPageFile size 120M)
current process WorkingSet (physical memory assigned to process): 161M, peak: 161M
current process commit charge ("private bytes"): 286M, peak: 564M

vm_info: OpenJDK 64-Bit Server VM (23.0.1+11-39) for windows-amd64 JRE (23.0.1+11-39), built on 2024-09-30T07:20:43Z with MS VC++ 17.6 (VS2022)

END.
