#
# There is insufficient memory for the Java Runtime Environment to continue.
# Native memory allocation (mmap) failed to map 214958080 bytes. Error detail: G1 virtual space
# Possible reasons:
#   The system is out of physical RAM or swap space
#   This process is running with CompressedOops enabled, and the Java Heap may be blocking the growth of the native heap
# Possible solutions:
#   Reduce memory load on the system
#   Increase physical memory or swap space
#   Check if swap backing store is full
#   Decrease Java heap size (-Xmx/-Xms)
#   Decrease number of Java threads
#   Decrease Java thread stack sizes (-Xss)
#   Set larger code cache with -XX:ReservedCodeCacheSize=
#   JVM is running with Unscaled Compressed Oops mode in which the Java heap is
#     placed in the first 4GB address space. The Java Heap base address is the
#     maximum limit for the native heap growth. Please use -XX:HeapBaseMinAddress
#     to set the Java Heap base and to place the Java Heap above 4GB virtual address.
# This output file may be truncated or incomplete.
#
#  Out of Memory Error (os_windows.cpp:3703), pid=11716, tid=13044
#
# JRE version: OpenJDK Runtime Environment (23.0.1+11) (build 23.0.1+11-39)
# Java VM: OpenJDK 64-Bit Server VM (23.0.1+11-39, mixed mode, sharing, tiered, compressed oops, compressed class ptrs, g1 gc, windows-amd64)
# No core dump will be written. Minidumps are not enabled by default on client versions of Windows
#

---------------  S U M M A R Y ------------

Command Line: -javaagent:C:\Program Files\JetBrains\IntelliJ IDEA Community Edition 2024.3.2\lib\idea_rt.jar=53466:C:\Program Files\JetBrains\IntelliJ IDEA Community Edition 2024.3.2\bin -Dfile.encoding=UTF-8 -Dsun.stdout.encoding=UTF-8 -Dsun.stderr.encoding=UTF-8 WebScraperApp

Host: Intel(R) Core(TM) i5-4310U CPU @ 2.00GHz, 4 cores, 3G,  Windows 10 , 64 bit Build 19041 (10.0.19041.3031)
Time: Wed Nov 26 19:32:21 2025 Pakistan Standard Time elapsed time: 42.774242 seconds (0d 0h 0m 42s)

---------------  T H R E A D  ---------------

Current thread (0x000001d61da35e90):  VMThread "VM Thread"          [id=13044, stack(0x0000004e9e500000,0x0000004e9e600000) (1024K)]

Stack: [0x0000004e9e500000,0x0000004e9e600000]
Native frames: (J=compiled Java code, j=interpreted, Vv=VM code, C=native code)
V  [jvm.dll+0x6e08b9]  (no source info available)
V  [jvm.dll+0x87dc83]  (no source info available)
V  [jvm.dll+0x88010e]  (no source info available)
V  [jvm.dll+0x8807e3]  (no source info available)
V  [jvm.dll+0x27aee6]  (no source info available)
V  [jvm.dll+0x6dd1c5]  (no source info available)
V  [jvm.dll+0x6d104a]  (no source info available)
V  [jvm.dll+0x35b3ea]  (no source info available)
V  [jvm.dll+0x3637f6]  (no source info available)
V  [jvm.dll+0x34fd5e]  (no source info available)
V  [jvm.dll+0x34fff8]  (no source info available)
V  [jvm.dll+0x3289cc]  (no source info available)
V  [jvm.dll+0x328a5a]  (no source info available)
V  [jvm.dll+0x374c92]  (no source info available)
V  [jvm.dll+0x373392]  (no source info available)
V  [jvm.dll+0x3281a7]  (no source info available)
V  [jvm.dll+0x372b44]  (no source info available)
V  [jvm.dll+0x886720]  (no source info available)
V  [jvm.dll+0x887a47]  (no source info available)
V  [jvm.dll+0x887f78]  (no source info available)
V  [jvm.dll+0x888213]  (no source info available)
V  [jvm.dll+0x824f8b]  (no source info available)
V  [jvm.dll+0x6df065]  (no source info available)
C  [ucrtbase.dll+0x21bb2]  (no source info available)
C  [KERNEL32.DLL+0x17614]  (no source info available)
C  [ntdll.dll+0x526f1]  (no source info available)

VM_Operation (0x0000004e9f4fdce0): G1CollectForAllocation, mode: safepoint, requested by thread 0x000001d638d85a00


---------------  P R O C E S S  ---------------

Threads class SMR info:
_java_thread_list=0x000001d67e5d42a0, length=21, elements={
0x000001d61da4e6c0, 0x000001d6389de600, 0x000001d6389e3800, 0x000001d6389e6270,
0x000001d6389e6cd0, 0x000001d6389e7730, 0x000001d6389e84c0, 0x000001d6389eccf0,
0x000001d6389dc590, 0x000001d638c9f1f0, 0x000001d638ca5010, 0x000001d638d72e80,
0x000001d638d73e70, 0x000001d638d75650, 0x000001d638d85a00, 0x000001d61b69eaa0,
0x000001d638e2cfe0, 0x000001d67e8dc160, 0x000001d67e8dc7f0, 0x000001d67e8dce80,
0x000001d67eb90a40
}

Java Threads: ( => current thread )
  0x000001d61da4e6c0 JavaThread "Reference Handler"          daemon [_thread_blocked, id=3996, stack(0x0000004e9e600000,0x0000004e9e700000) (1024K)]
  0x000001d6389de600 JavaThread "Finalizer"                  daemon [_thread_blocked, id=12708, stack(0x0000004e9e700000,0x0000004e9e800000) (1024K)]
  0x000001d6389e3800 JavaThread "Signal Dispatcher"          daemon [_thread_blocked, id=9392, stack(0x0000004e9e800000,0x0000004e9e900000) (1024K)]
  0x000001d6389e6270 JavaThread "Attach Listener"            daemon [_thread_blocked, id=6336, stack(0x0000004e9e900000,0x0000004e9ea00000) (1024K)]
  0x000001d6389e6cd0 JavaThread "Service Thread"             daemon [_thread_blocked, id=1380, stack(0x0000004e9ea00000,0x0000004e9eb00000) (1024K)]
  0x000001d6389e7730 JavaThread "Monitor Deflation Thread"   daemon [_thread_blocked, id=5116, stack(0x0000004e9eb00000,0x0000004e9ec00000) (1024K)]
  0x000001d6389e84c0 JavaThread "C2 CompilerThread0"         daemon [_thread_blocked, id=12612, stack(0x0000004e9ec00000,0x0000004e9ed00000) (1024K)]
  0x000001d6389eccf0 JavaThread "C1 CompilerThread0"         daemon [_thread_blocked, id=1080, stack(0x0000004e9ed00000,0x0000004e9ee00000) (1024K)]
  0x000001d6389dc590 JavaThread "Common-Cleaner"             daemon [_thread_blocked, id=1568, stack(0x0000004e9ee00000,0x0000004e9ef00000) (1024K)]
  0x000001d638c9f1f0 JavaThread "Monitor Ctrl-Break"         daemon [_thread_in_native, id=8544, stack(0x0000004e9ef00000,0x0000004e9f000000) (1024K)]
  0x000001d638ca5010 JavaThread "Notification Thread"        daemon [_thread_blocked, id=8196, stack(0x0000004e9f000000,0x0000004e9f100000) (1024K)]
  0x000001d638d72e80 JavaThread "Java2D Disposer"            daemon [_thread_blocked, id=11088, stack(0x0000004e9f100000,0x0000004e9f200000) (1024K)]
  0x000001d638d73e70 JavaThread "AWT-Shutdown"                      [_thread_blocked, id=11156, stack(0x0000004e9f200000,0x0000004e9f300000) (1024K)]
  0x000001d638d75650 JavaThread "AWT-Windows"                daemon [_thread_in_native, id=12620, stack(0x0000004e9f300000,0x0000004e9f400000) (1024K)]
  0x000001d638d85a00 JavaThread "AWT-EventQueue-0"                  [_thread_blocked, id=12864, stack(0x0000004e9f400000,0x0000004e9f500000) (1024K)]
  0x000001d61b69eaa0 JavaThread "DestroyJavaVM"                     [_thread_blocked, id=10404, stack(0x0000004e9de00000,0x0000004e9df00000) (1024K)]
  0x000001d638e2cfe0 JavaThread "TimerQueue"                 daemon [_thread_blocked, id=10532, stack(0x0000004e9f600000,0x0000004e9f700000) (1024K)]
  0x000001d67e8dc160 JavaThread "SwingWorker-pool-1-thread-1" daemon [_thread_blocked, id=1968, stack(0x0000004e9fa00000,0x0000004e9fb00000) (1024K)]
  0x000001d67e8dc7f0 JavaThread "HttpClient-1-SelectorManager" daemon [_thread_in_native, id=1340, stack(0x0000004e9fe00000,0x0000004e9ff00000) (1024K)]
  0x000001d67e8dce80 JavaThread "HttpClient-1-Worker-0"      daemon [_thread_blocked, id=4076, stack(0x0000004ea0000000,0x0000004ea0100000) (1024K)]
  0x000001d67eb90a40 JavaThread "HttpClient-1-Worker-1"      daemon [_thread_blocked, id=6380, stack(0x0000004ea0100000,0x0000004ea0200000) (1024K)]
Total: 21

Other Threads:
=>0x000001d61da35e90 VMThread "VM Thread"                           [id=13044, stack(0x0000004e9e500000,0x0000004e9e600000) (1024K)]
  0x000001d61da27b10 WatcherThread "VM Periodic Task Thread"        [id=8724, stack(0x0000004e9e400000,0x0000004e9e500000) (1024K)]
  0x000001d61d9ad9c0 WorkerThread "GC Thread#0"                     [id=6184, stack(0x0000004e9df00000,0x0000004e9e000000) (1024K)]
  0x000001d67e683140 WorkerThread "GC Thread#1"                     [id=736, stack(0x0000004e9fb00000,0x0000004e9fc00000) (1024K)]
  0x000001d67e6834f0 WorkerThread "GC Thread#2"                     [id=3560, stack(0x0000004e9fc00000,0x0000004e9fd00000) (1024K)]
  0x000001d67e8cbd20 WorkerThread "GC Thread#3"                     [id=1404, stack(0x0000004e9fd00000,0x0000004e9fe00000) (1024K)]
  0x000001d61d9b86a0 ConcurrentGCThread "G1 Main Marker"            [id=8556, stack(0x0000004e9e000000,0x0000004e9e100000) (1024K)]
  0x000001d61d9b91b0 WorkerThread "G1 Conc#0"                       [id=7252, stack(0x0000004e9e100000,0x0000004e9e200000) (1024K)]
  0x000001d61da0fe90 ConcurrentGCThread "G1 Refine#0"               [id=6976, stack(0x0000004e9e200000,0x0000004e9e300000) (1024K)]
  0x000001d61da10a10 ConcurrentGCThread "G1 Service"                [id=5100, stack(0x0000004e9e300000,0x0000004e9e400000) (1024K)]
Total: 10

Threads with active compile tasks:
C2 CompilerThread0  42871 4800       4       java.awt.font.TextLine::getComponents (243 bytes)
Total: 1

VM state: at safepoint (normal execution)

VM Mutex/Monitor currently owned by a thread:  ([mutex/lock_event])
[0x00007ffe08283910] Threads_lock - owner thread: 0x000001d61da35e90
[0x00007ffe08283a10] Heap_lock - owner thread: 0x000001d638d85a00

Heap address: 0x00000000c1600000, size: 1002 MB, Compressed Oops mode: 32-bit

CDS archive(s) mapped at: [0x000001d639000000-0x000001d639d70000-0x000001d639d70000), size 14090240, SharedBaseAddress: 0x000001d639000000, ArchiveRelocationMode: 1.
Compressed class space mapped at: 0x000001d63a000000-0x000001d67a000000, reserved size: 1073741824
Narrow klass base: 0x000001d639000000, Narrow klass shift: 0, Narrow klass range: 0x41000000

GC Precious Log:
 CardTable entry size: 512
 Card Set container configuration: InlinePtr #cards 5 size 8 Array Of Cards #cards 10 size 36 Howl #buckets 4 coarsen threshold 1843 Howl Bitmap #cards 512 size 80 coarsen threshold 460 Card regions per heap region 1 cards per card region 2048
 CPUs: 4 total, 4 available
 Memory: 4001M
 Large Page Support: Disabled
 NUMA Support: Disabled
 Compressed Oops: Enabled (32-bit)
 Heap Region Size: 1M
 Heap Min Capacity: 8M
 Heap Initial Capacity: 64M
 Heap Max Capacity: 1002M
 Pre-touch: Disabled
 Parallel Workers: 4
 Concurrent Workers: 1
 Concurrent Refinement Workers: 4
 Periodic GC: Disabled

Heap:
 garbage-first heap   total reserved 1026048K, committed 192512K, used 122880K [0x00000000c1600000, 0x0000000100000000)
  region size 1024K, 7 young (7168K), 7 survivors (7168K)
 Metaspace       used 24445K, committed 25088K, reserved 1114112K
  class space    used 2878K, committed 3136K, reserved 1048576K

Heap Regions: E=young(eden), S=young(survivor), O=old, HS=humongous(starts), HC=humongous(continues), CS=collection set, F=free, TAMS=top-at-mark-start, PB=parsable bottom
|   0|0x00000000c1600000, 0x00000000c1700000, 0x00000000c1700000|100%|HS|  |TAMS 0x00000000c1700000| PB 0x00000000c1600000| Complete |  0
|   1|0x00000000c1700000, 0x00000000c1800000, 0x00000000c1800000|100%|HC|  |TAMS 0x00000000c1800000| PB 0x00000000c1700000| Complete |  0
|   2|0x00000000c1800000, 0x00000000c1900000, 0x00000000c1900000|100%|HC|  |TAMS 0x00000000c1900000| PB 0x00000000c1800000| Complete |  0
|   3|0x00000000c1900000, 0x00000000c1a00000, 0x00000000c1a00000|100%|HC|  |TAMS 0x00000000c1a00000| PB 0x00000000c1900000| Complete |  0
|   4|0x00000000c1a00000, 0x00000000c1b00000, 0x00000000c1b00000|100%|HS|  |TAMS 0x00000000c1b00000| PB 0x00000000c1a00000| Complete |  0
|   5|0x00000000c1b00000, 0x00000000c1c00000, 0x00000000c1c00000|100%|HC|  |TAMS 0x00000000c1c00000| PB 0x00000000c1b00000| Complete |  0
|   6|0x00000000c1c00000, 0x00000000c1d00000, 0x00000000c1d00000|100%|HC|  |TAMS 0x00000000c1d00000| PB 0x00000000c1c00000| Complete |  0
|   7|0x00000000c1d00000, 0x00000000c1e00000, 0x00000000c1e00000|100%| O|  |TAMS 0x00000000c1e00000| PB 0x00000000c1d00000| Untracked |  0
|   8|0x00000000c1e00000, 0x00000000c1f00000, 0x00000000c1f00000|100%| O|  |TAMS 0x00000000c1f00000| PB 0x00000000c1e00000| Untracked |  0
|   9|0x00000000c1f00000, 0x00000000c2000000, 0x00000000c2000000|100%| O|  |TAMS 0x00000000c2000000| PB 0x00000000c1f00000| Untracked |  0
|  10|0x00000000c2000000, 0x00000000c2100000, 0x00000000c2100000|100%| O|  |TAMS 0x00000000c2100000| PB 0x00000000c2000000| Untracked |  0
|  11|0x00000000c2100000, 0x00000000c2200000, 0x00000000c2200000|100%|HS|  |TAMS 0x00000000c2200000| PB 0x00000000c2100000| Complete |  0
|  12|0x00000000c2200000, 0x00000000c2300000, 0x00000000c2300000|100%|HC|  |TAMS 0x00000000c2300000| PB 0x00000000c2200000| Complete |  0
|  13|0x00000000c2300000, 0x00000000c2400000, 0x00000000c2400000|100%|HC|  |TAMS 0x00000000c2400000| PB 0x00000000c2300000| Complete |  0
|  14|0x00000000c2400000, 0x00000000c2500000, 0x00000000c2500000|100%|HC|  |TAMS 0x00000000c2500000| PB 0x00000000c2400000| Complete |  0
|  15|0x00000000c2500000, 0x00000000c2600000, 0x00000000c2600000|100%| O|  |TAMS 0x00000000c2600000| PB 0x00000000c2500000| Untracked |  0
|  16|0x00000000c2600000, 0x00000000c2700000, 0x00000000c2700000|100%|HS|  |TAMS 0x00000000c2700000| PB 0x00000000c2600000| Complete |  0
|  17|0x00000000c2700000, 0x00000000c2800000, 0x00000000c2800000|100%|HC|  |TAMS 0x00000000c2800000| PB 0x00000000c2700000| Complete |  0
|  18|0x00000000c2800000, 0x00000000c2900000, 0x00000000c2900000|100%|HC|  |TAMS 0x00000000c2900000| PB 0x00000000c2800000| Complete |  0
|  19|0x00000000c2900000, 0x00000000c2a00000, 0x00000000c2a00000|100%| O|  |TAMS 0x00000000c2a00000| PB 0x00000000c2900000| Untracked |  0
|  20|0x00000000c2a00000, 0x00000000c2b00000, 0x00000000c2b00000|100%| O|  |TAMS 0x00000000c2b00000| PB 0x00000000c2a00000| Untracked |  0
|  21|0x00000000c2b00000, 0x00000000c2c00000, 0x00000000c2c00000|100%| O|  |TAMS 0x00000000c2c00000| PB 0x00000000c2b00000| Untracked |  0
|  22|0x00000000c2c00000, 0x00000000c2d00000, 0x00000000c2d00000|100%| O|  |TAMS 0x00000000c2d00000| PB 0x00000000c2c00000| Untracked |  0
|  23|0x00000000c2d00000, 0x00000000c2e00000, 0x00000000c2e00000|100%| O|  |TAMS 0x00000000c2e00000| PB 0x00000000c2d00000| Untracked |  0
|  24|0x00000000c2e00000, 0x00000000c2f00000, 0x00000000c2f00000|100%| O|  |TAMS 0x00000000c2f00000| PB 0x00000000c2e00000| Untracked |  0
|  25|0x00000000c2f00000, 0x00000000c3000000, 0x00000000c3000000|100%| O|  |TAMS 0x00000000c3000000| PB 0x00000000c2f00000| Untracked |  0
|  26|0x00000000c3000000, 0x00000000c3100000, 0x00000000c3100000|100%| O|  |TAMS 0x00000000c3100000| PB 0x00000000c3000000| Untracked |  0
|  27|0x00000000c3100000, 0x00000000c3200000, 0x00000000c3200000|100%| O|  |TAMS 0x00000000c3200000| PB 0x00000000c3100000| Untracked |  0
|  28|0x00000000c3200000, 0x00000000c3300000, 0x00000000c3300000|100%| O|  |TAMS 0x00000000c3300000| PB 0x00000000c3200000| Untracked |  0
|  29|0x00000000c3300000, 0x00000000c3400000, 0x00000000c3400000|100%| O|  |TAMS 0x00000000c3400000| PB 0x00000000c3300000| Untracked |  0
|  30|0x00000000c3400000, 0x00000000c3500000, 0x00000000c3500000|100%|HS|  |TAMS 0x00000000c3500000| PB 0x00000000c3400000| Complete |  0
|  31|0x00000000c3500000, 0x00000000c3600000, 0x00000000c3600000|100%|HC|  |TAMS 0x00000000c3600000| PB 0x00000000c3500000| Complete |  0
|  32|0x00000000c3600000, 0x00000000c3700000, 0x00000000c3700000|100%|HC|  |TAMS 0x00000000c3700000| PB 0x00000000c3600000| Complete |  0
|  33|0x00000000c3700000, 0x00000000c3800000, 0x00000000c3800000|100%|HC|  |TAMS 0x00000000c3800000| PB 0x00000000c3700000| Complete |  0
|  34|0x00000000c3800000, 0x00000000c3900000, 0x00000000c3900000|100%| O|  |TAMS 0x00000000c3900000| PB 0x00000000c3800000| Untracked |  0
|  35|0x00000000c3900000, 0x00000000c3a00000, 0x00000000c3a00000|100%| O|  |TAMS 0x00000000c3a00000| PB 0x00000000c3900000| Untracked |  0
|  36|0x00000000c3a00000, 0x00000000c3b00000, 0x00000000c3b00000|100%| O|  |TAMS 0x00000000c3b00000| PB 0x00000000c3a00000| Untracked |  0
|  37|0x00000000c3b00000, 0x00000000c3c00000, 0x00000000c3c00000|100%| O|  |TAMS 0x00000000c3c00000| PB 0x00000000c3b00000| Untracked |  0
|  38|0x00000000c3c00000, 0x00000000c3d00000, 0x00000000c3d00000|100%| O|  |TAMS 0x00000000c3d00000| PB 0x00000000c3c00000| Untracked |  0
|  39|0x00000000c3d00000, 0x00000000c3e00000, 0x00000000c3e00000|100%| O|  |TAMS 0x00000000c3e00000| PB 0x00000000c3d00000| Untracked |  0
|  40|0x00000000c3e00000, 0x00000000c3f00000, 0x00000000c3f00000|100%| O|  |TAMS 0x00000000c3f00000| PB 0x00000000c3e00000| Untracked |  0
|  41|0x00000000c3f00000, 0x00000000c4000000, 0x00000000c4000000|100%| O|  |TAMS 0x00000000c4000000| PB 0x00000000c3f00000| Untracked |  0
|  42|0x00000000c4000000, 0x00000000c4100000, 0x00000000c4100000|100%| O|  |TAMS 0x00000000c4100000| PB 0x00000000c4000000| Untracked |  0
|  43|0x00000000c4100000, 0x00000000c4200000, 0x00000000c4200000|100%| O|  |TAMS 0x00000000c4200000| PB 0x00000000c4100000| Untracked |  0
|  44|0x00000000c4200000, 0x00000000c4300000, 0x00000000c4300000|100%| O|  |TAMS 0x00000000c4300000| PB 0x00000000c4200000| Untracked |  0
|  45|0x00000000c4300000, 0x00000000c4400000, 0x00000000c4400000|100%| O|  |TAMS 0x00000000c4400000| PB 0x00000000c4300000| Untracked |  0
|  46|0x00000000c4400000, 0x00000000c4500000, 0x00000000c4500000|100%| O|  |TAMS 0x00000000c4500000| PB 0x00000000c4400000| Untracked |  0
|  47|0x00000000c4500000, 0x00000000c4600000, 0x00000000c4600000|100%| O|  |TAMS 0x00000000c4600000| PB 0x00000000c4500000| Untracked |  0
|  48|0x00000000c4600000, 0x00000000c4700000, 0x00000000c4700000|100%| O|  |TAMS 0x00000000c4700000| PB 0x00000000c4600000| Untracked |  0
|  49|0x00000000c4700000, 0x00000000c4800000, 0x00000000c4800000|100%| O|  |TAMS 0x00000000c4800000| PB 0x00000000c4700000| Untracked |  0
|  50|0x00000000c4800000, 0x00000000c4900000, 0x00000000c4900000|100%| O|  |TAMS 0x00000000c4900000| PB 0x00000000c4800000| Untracked |  0
|  51|0x00000000c4900000, 0x00000000c4a00000, 0x00000000c4a00000|100%| O|  |TAMS 0x00000000c4a00000| PB 0x00000000c4900000| Untracked |  0
|  52|0x00000000c4a00000, 0x00000000c4b00000, 0x00000000c4b00000|100%|HS|  |TAMS 0x00000000c4b00000| PB 0x00000000c4a00000| Complete |  0
|  53|0x00000000c4b00000, 0x00000000c4c00000, 0x00000000c4c00000|100%|HC|  |TAMS 0x00000000c4c00000| PB 0x00000000c4b00000| Complete |  0
|  54|0x00000000c4c00000, 0x00000000c4d00000, 0x00000000c4d00000|100%|HC|  |TAMS 0x00000000c4d00000| PB 0x00000000c4c00000| Complete |  0
|  55|0x00000000c4d00000, 0x00000000c4e00000, 0x00000000c4e00000|100%|HC|  |TAMS 0x00000000c4e00000| PB 0x00000000c4d00000| Complete |  0
|  56|0x00000000c4e00000, 0x00000000c4f00000, 0x00000000c4f00000|100%| O|  |TAMS 0x00000000c4f00000| PB 0x00000000c4e00000| Untracked |  0
|  57|0x00000000c4f00000, 0x00000000c5000000, 0x00000000c5000000|100%| O|  |TAMS 0x00000000c5000000| PB 0x00000000c4f00000| Untracked |  0
|  58|0x00000000c5000000, 0x00000000c5100000, 0x00000000c5100000|100%| O|  |TAMS 0x00000000c5100000| PB 0x00000000c5000000| Untracked |  0
|  59|0x00000000c5100000, 0x00000000c5200000, 0x00000000c5200000|100%| O|  |TAMS 0x00000000c5200000| PB 0x00000000c5100000| Untracked |  0
|  60|0x00000000c5200000, 0x00000000c5300000, 0x00000000c5300000|100%| O|  |TAMS 0x00000000c5300000| PB 0x00000000c5200000| Untracked |  0
|  61|0x00000000c5300000, 0x00000000c5400000, 0x00000000c5400000|100%| O|  |TAMS 0x00000000c5400000| PB 0x00000000c5300000| Untracked |  0
|  62|0x00000000c5400000, 0x00000000c5500000, 0x00000000c5500000|100%| O|  |TAMS 0x00000000c5500000| PB 0x00000000c5400000| Untracked |  0
|  63|0x00000000c5500000, 0x00000000c5600000, 0x00000000c5600000|100%| O|  |TAMS 0x00000000c5600000| PB 0x00000000c5500000| Untracked |  0
|  64|0x00000000c5600000, 0x00000000c5700000, 0x00000000c5700000|100%|HS|  |TAMS 0x00000000c5700000| PB 0x00000000c5600000| Complete |  0
|  65|0x00000000c5700000, 0x00000000c5800000, 0x00000000c5800000|100%|HC|  |TAMS 0x00000000c5800000| PB 0x00000000c5700000| Complete |  0
|  66|0x00000000c5800000, 0x00000000c5900000, 0x00000000c5900000|100%|HC|  |TAMS 0x00000000c5900000| PB 0x00000000c5800000| Complete |  0
|  67|0x00000000c5900000, 0x00000000c5a00000, 0x00000000c5a00000|100%|HC|  |TAMS 0x00000000c5a00000| PB 0x00000000c5900000| Complete |  0
|  68|0x00000000c5a00000, 0x00000000c5b00000, 0x00000000c5b00000|100%| O|  |TAMS 0x00000000c5b00000| PB 0x00000000c5a00000| Untracked |  0
|  69|0x00000000c5b00000, 0x00000000c5c00000, 0x00000000c5c00000|100%| O|  |TAMS 0x00000000c5c00000| PB 0x00000000c5b00000| Untracked |  0
|  70|0x00000000c5c00000, 0x00000000c5d00000, 0x00000000c5d00000|100%| O|  |TAMS 0x00000000c5d00000| PB 0x00000000c5c00000| Untracked |  0
|  71|0x00000000c5d00000, 0x00000000c5e00000, 0x00000000c5e00000|100%| O|  |TAMS 0x00000000c5e00000| PB 0x00000000c5d00000| Untracked |  0
|  72|0x00000000c5e00000, 0x00000000c5f00000, 0x00000000c5f00000|100%| O|  |TAMS 0x00000000c5f00000| PB 0x00000000c5e00000| Untracked |  0
|  73|0x00000000c5f00000, 0x00000000c6000000, 0x00000000c6000000|100%| O|  |TAMS 0x00000000c6000000| PB 0x00000000c5f00000| Untracked |  0
|  74|0x00000000c6000000, 0x00000000c6100000, 0x00000000c6100000|100%| O|  |TAMS 0x00000000c6100000| PB 0x00000000c6000000| Untracked |  0
|  75|0x00000000c6100000, 0x00000000c6200000, 0x00000000c6200000|100%| O|  |TAMS 0x00000000c6200000| PB 0x00000000c6100000| Untracked |  0
|  76|0x00000000c6200000, 0x00000000c6300000, 0x00000000c6300000|100%| O|  |TAMS 0x00000000c6300000| PB 0x00000000c6200000| Untracked |  0
|  77|0x00000000c6300000, 0x00000000c6400000, 0x00000000c6400000|100%| O|  |TAMS 0x00000000c6380000| PB 0x00000000c6300000| Untracked |  0
|  78|0x00000000c6400000, 0x00000000c6500000, 0x00000000c6500000|100%| O|  |TAMS 0x00000000c6400000| PB 0x00000000c6400000| Untracked |  0
|  79|0x00000000c6500000, 0x00000000c6600000, 0x00000000c6600000|100%| O|  |TAMS 0x00000000c6500000| PB 0x00000000c6500000| Untracked |  0
|  80|0x00000000c6600000, 0x00000000c6700000, 0x00000000c6700000|100%| O|  |TAMS 0x00000000c6600000| PB 0x00000000c6600000| Untracked |  0
|  81|0x00000000c6700000, 0x00000000c6800000, 0x00000000c6800000|100%| O|  |TAMS 0x00000000c6700000| PB 0x00000000c6700000| Untracked |  0
|  82|0x00000000c6800000, 0x00000000c6900000, 0x00000000c6900000|100%| O|  |TAMS 0x00000000c6800000| PB 0x00000000c6800000| Untracked |  0
|  83|0x00000000c6900000, 0x00000000c6a00000, 0x00000000c6a00000|100%| O|  |TAMS 0x00000000c6900000| PB 0x00000000c6900000| Untracked |  0
|  84|0x00000000c6a00000, 0x00000000c6b00000, 0x00000000c6b00000|100%| O|  |TAMS 0x00000000c6a00000| PB 0x00000000c6a00000| Untracked |  0
|  85|0x00000000c6b00000, 0x00000000c6c00000, 0x00000000c6c00000|100%| O|  |TAMS 0x00000000c6b00000| PB 0x00000000c6b00000| Untracked |  0
|  86|0x00000000c6c00000, 0x00000000c6d00000, 0x00000000c6d00000|100%| O|  |TAMS 0x00000000c6c00000| PB 0x00000000c6c00000| Untracked |  0
|  87|0x00000000c6d00000, 0x00000000c6e00000, 0x00000000c6e00000|100%| O|  |TAMS 0x00000000c6d00000| PB 0x00000000c6d00000| Untracked |  0
|  88|0x00000000c6e00000, 0x00000000c6f00000, 0x00000000c6f00000|100%| O|  |TAMS 0x00000000c6e00000| PB 0x00000000c6e00000| Untracked |  0
|  89|0x00000000c6f00000, 0x00000000c7000000, 0x00000000c7000000|100%| O|  |TAMS 0x00000000c6f00000| PB 0x00000000c6f00000| Untracked |  0
|  90|0x00000000c7000000, 0x00000000c7100000, 0x00000000c7100000|100%| O|  |TAMS 0x00000000c7000000| PB 0x00000000c7000000| Untracked |  0
|  91|0x00000000c7100000, 0x00000000c7200000, 0x00000000c7200000|100%| O|  |TAMS 0x00000000c7100000| PB 0x00000000c7100000| Untracked |  0
|  92|0x00000000c7200000, 0x00000000c7300000, 0x00000000c7300000|100%| O|  |TAMS 0x00000000c7200000| PB 0x00000000c7200000| Untracked |  0
|  93|0x00000000c7300000, 0x00000000c7400000, 0x00000000c7400000|100%| O|  |TAMS 0x00000000c7300000| PB 0x00000000c7300000| Untracked |  0
|  94|0x00000000c7400000, 0x00000000c7400000, 0x00000000c7500000|  0%| F|  |TAMS 0x00000000c7400000| PB 0x00000000c7400000| Untracked |  0
|  95|0x00000000c7500000, 0x00000000c7500000, 0x00000000c7600000|  0%| F|  |TAMS 0x00000000c7500000| PB 0x00000000c7500000| Untracked |  0
|  96|0x00000000c7600000, 0x00000000c7600000, 0x00000000c7700000|  0%| F|  |TAMS 0x00000000c7600000| PB 0x00000000c7600000| Untracked |  0
|  97|0x00000000c7700000, 0x00000000c7700000, 0x00000000c7800000|  0%| F|  |TAMS 0x00000000c7700000| PB 0x00000000c7700000| Untracked |  0
|  98|0x00000000c7800000, 0x00000000c7800000, 0x00000000c7900000|  0%| F|  |TAMS 0x00000000c7800000| PB 0x00000000c7800000| Untracked |  0
|  99|0x00000000c7900000, 0x00000000c7900000, 0x00000000c7a00000|  0%| F|  |TAMS 0x00000000c7900000| PB 0x00000000c7900000| Untracked |  0
| 100|0x00000000c7a00000, 0x00000000c7a00000, 0x00000000c7b00000|  0%| F|  |TAMS 0x00000000c7a00000| PB 0x00000000c7a00000| Untracked |  0
| 101|0x00000000c7b00000, 0x00000000c7b00000, 0x00000000c7c00000|  0%| F|  |TAMS 0x00000000c7b00000| PB 0x00000000c7b00000| Untracked |  0
| 102|0x00000000c7c00000, 0x00000000c7c00000, 0x00000000c7d00000|  0%| F|  |TAMS 0x00000000c7c00000| PB 0x00000000c7c00000| Untracked |  0
| 103|0x00000000c7d00000, 0x00000000c7d00000, 0x00000000c7e00000|  0%| F|  |TAMS 0x00000000c7d00000| PB 0x00000000c7d00000| Untracked |  0
| 104|0x00000000c7e00000, 0x00000000c7e00000, 0x00000000c7f00000|  0%| F|  |TAMS 0x00000000c7e00000| PB 0x00000000c7e00000| Untracked |  0
| 105|0x00000000c7f00000, 0x00000000c7f00000, 0x00000000c8000000|  0%| F|  |TAMS 0x00000000c7f00000| PB 0x00000000c7f00000| Untracked |  0
| 106|0x00000000c8000000, 0x00000000c8000000, 0x00000000c8100000|  0%| F|  |TAMS 0x00000000c8000000| PB 0x00000000c8000000| Untracked |  0
| 107|0x00000000c8100000, 0x00000000c8100000, 0x00000000c8200000|  0%| F|  |TAMS 0x00000000c8100000| PB 0x00000000c8100000| Untracked |  0
| 108|0x00000000c8200000, 0x00000000c8200000, 0x00000000c8300000|  0%| F|  |TAMS 0x00000000c8200000| PB 0x00000000c8200000| Untracked |  0
| 109|0x00000000c8300000, 0x00000000c8300000, 0x00000000c8400000|  0%| F|  |TAMS 0x00000000c8300000| PB 0x00000000c8300000| Untracked |  0
| 110|0x00000000c8400000, 0x00000000c8400000, 0x00000000c8500000|  0%| F|  |TAMS 0x00000000c8400000| PB 0x00000000c8400000| Untracked |  0
| 111|0x00000000c8500000, 0x00000000c8500000, 0x00000000c8600000|  0%| F|  |TAMS 0x00000000c8500000| PB 0x00000000c8500000| Untracked |  0
| 112|0x00000000c8600000, 0x00000000c8600000, 0x00000000c8700000|  0%| F|  |TAMS 0x00000000c8600000| PB 0x00000000c8600000| Untracked |  0
| 113|0x00000000c8700000, 0x00000000c8700000, 0x00000000c8800000|  0%| F|  |TAMS 0x00000000c8700000| PB 0x00000000c8700000| Untracked |  0
| 114|0x00000000c8800000, 0x00000000c8800000, 0x00000000c8900000|  0%| F|  |TAMS 0x00000000c8800000| PB 0x00000000c8800000| Untracked |  0
| 115|0x00000000c8900000, 0x00000000c8900000, 0x00000000c8a00000|  0%| F|  |TAMS 0x00000000c8900000| PB 0x00000000c8900000| Untracked |  0
| 116|0x00000000c8a00000, 0x00000000c8a00000, 0x00000000c8b00000|  0%| F|  |TAMS 0x00000000c8a00000| PB 0x00000000c8a00000| Untracked |  0
| 117|0x00000000c8b00000, 0x00000000c8b00000, 0x00000000c8c00000|  0%| F|  |TAMS 0x00000000c8b00000| PB 0x00000000c8b00000| Untracked |  0
| 118|0x00000000c8c00000, 0x00000000c8d00000, 0x00000000c8d00000|100%| S|CS|TAMS 0x00000000c8c00000| PB 0x00000000c8c00000| Complete |  0
| 119|0x00000000c8d00000, 0x00000000c8e00000, 0x00000000c8e00000|100%| S|CS|TAMS 0x00000000c8d00000| PB 0x00000000c8d00000| Complete |  0
| 120|0x00000000c8e00000, 0x00000000c8f00000, 0x00000000c8f00000|100%| S|CS|TAMS 0x00000000c8e00000| PB 0x00000000c8e00000| Complete |  0
| 121|0x00000000c8f00000, 0x00000000c9000000, 0x00000000c9000000|100%| S|CS|TAMS 0x00000000c8f00000| PB 0x00000000c8f00000| Complete |  0
| 122|0x00000000c9000000, 0x00000000c9100000, 0x00000000c9100000|100%| S|CS|TAMS 0x00000000c9000000| PB 0x00000000c9000000| Complete |  0
| 123|0x00000000c9100000, 0x00000000c9200000, 0x00000000c9200000|100%| S|CS|TAMS 0x00000000c9100000| PB 0x00000000c9100000| Complete |  0
| 124|0x00000000c9200000, 0x00000000c9300000, 0x00000000c9300000|100%| S|CS|TAMS 0x00000000c9200000| PB 0x00000000c9200000| Complete |  0
| 125|0x00000000c9300000, 0x00000000c9300000, 0x00000000c9400000|  0%| F|  |TAMS 0x00000000c9300000| PB 0x00000000c9300000| Untracked |  0
| 126|0x00000000c9400000, 0x00000000c9400000, 0x00000000c9500000|  0%| F|  |TAMS 0x00000000c9400000| PB 0x00000000c9400000| Untracked |  0
| 127|0x00000000c9500000, 0x00000000c9500000, 0x00000000c9600000|  0%| F|  |TAMS 0x00000000c9500000| PB 0x00000000c9500000| Untracked |  0
| 128|0x00000000c9600000, 0x00000000c9600000, 0x00000000c9700000|  0%| F|  |TAMS 0x00000000c9600000| PB 0x00000000c9600000| Untracked |  0
| 129|0x00000000c9700000, 0x00000000c9700000, 0x00000000c9800000|  0%| F|  |TAMS 0x00000000c9700000| PB 0x00000000c9700000| Untracked |  0
| 130|0x00000000c9800000, 0x00000000c9800000, 0x00000000c9900000|  0%| F|  |TAMS 0x00000000c9800000| PB 0x00000000c9800000| Untracked |  0
| 131|0x00000000c9900000, 0x00000000c9900000, 0x00000000c9a00000|  0%| F|  |TAMS 0x00000000c9900000| PB 0x00000000c9900000| Untracked |  0
| 132|0x00000000c9a00000, 0x00000000c9a00000, 0x00000000c9b00000|  0%| F|  |TAMS 0x00000000c9a00000| PB 0x00000000c9a00000| Untracked |  0
| 133|0x00000000c9b00000, 0x00000000c9b00000, 0x00000000c9c00000|  0%| F|  |TAMS 0x00000000c9b00000| PB 0x00000000c9b00000| Untracked |  0
| 134|0x00000000c9c00000, 0x00000000c9c00000, 0x00000000c9d00000|  0%| F|  |TAMS 0x00000000c9c00000| PB 0x00000000c9c00000| Untracked |  0
| 135|0x00000000c9d00000, 0x00000000c9d00000, 0x00000000c9e00000|  0%| F|  |TAMS 0x00000000c9d00000| PB 0x00000000c9d00000| Untracked |  0
| 136|0x00000000c9e00000, 0x00000000c9e00000, 0x00000000c9f00000|  0%| F|  |TAMS 0x00000000c9e00000| PB 0x00000000c9e00000| Untracked |  0
| 137|0x00000000c9f00000, 0x00000000c9f00000, 0x00000000ca000000|  0%| F|  |TAMS 0x00000000c9f00000| PB 0x00000000c9f00000| Untracked |  0
| 138|0x00000000ca000000, 0x00000000ca000000, 0x00000000ca100000|  0%| F|  |TAMS 0x00000000ca000000| PB 0x00000000ca000000| Untracked |  0
| 139|0x00000000ca100000, 0x00000000ca100000, 0x00000000ca200000|  0%| F|  |TAMS 0x00000000ca100000| PB 0x00000000ca100000| Untracked |  0
| 140|0x00000000ca200000, 0x00000000ca200000, 0x00000000ca300000|  0%| F|  |TAMS 0x00000000ca200000| PB 0x00000000ca200000| Untracked |  0
| 141|0x00000000ca300000, 0x00000000ca300000, 0x00000000ca400000|  0%| F|  |TAMS 0x00000000ca300000| PB 0x00000000ca300000| Untracked |  0
| 142|0x00000000ca400000, 0x00000000ca500000, 0x00000000ca500000|100%|HS|  |TAMS 0x00000000ca500000| PB 0x00000000ca400000| Complete |  0
| 143|0x00000000ca500000, 0x00000000ca600000, 0x00000000ca600000|100%|HC|  |TAMS 0x00000000ca600000| PB 0x00000000ca500000| Complete |  0
| 144|0x00000000ca600000, 0x00000000ca700000, 0x00000000ca700000|100%|HC|  |TAMS 0x00000000ca700000| PB 0x00000000ca600000| Complete |  0
| 145|0x00000000ca700000, 0x00000000ca800000, 0x00000000ca800000|100%|HC|  |TAMS 0x00000000ca800000| PB 0x00000000ca700000| Complete |  0
| 146|0x00000000ca800000, 0x00000000ca900000, 0x00000000ca900000|100%|HC|  |TAMS 0x00000000ca900000| PB 0x00000000ca800000| Complete |  0
| 147|0x00000000ca900000, 0x00000000caa00000, 0x00000000caa00000|100%|HC|  |TAMS 0x00000000caa00000| PB 0x00000000ca900000| Complete |  0
| 148|0x00000000caa00000, 0x00000000cab00000, 0x00000000cab00000|100%|HC|  |TAMS 0x00000000cab00000| PB 0x00000000caa00000| Complete |  0
| 149|0x00000000cab00000, 0x00000000cac00000, 0x00000000cac00000|100%|HC|  |TAMS 0x00000000cac00000| PB 0x00000000cab00000| Complete |  0
| 150|0x00000000cac00000, 0x00000000cac00000, 0x00000000cad00000|  0%| F|  |TAMS 0x00000000cac00000| PB 0x00000000cac00000| Untracked |  0
| 151|0x00000000cad00000, 0x00000000cad00000, 0x00000000cae00000|  0%| F|  |TAMS 0x00000000cad00000| PB 0x00000000cad00000| Untracked |  0
| 152|0x00000000cae00000, 0x00000000cae00000, 0x00000000caf00000|  0%| F|  |TAMS 0x00000000cae00000| PB 0x00000000cae00000| Untracked |  0
| 153|0x00000000caf00000, 0x00000000caf00000, 0x00000000cb000000|  0%| F|  |TAMS 0x00000000caf00000| PB 0x00000000caf00000| Untracked |  0
| 154|0x00000000cb000000, 0x00000000cb000000, 0x00000000cb100000|  0%| F|  |TAMS 0x00000000cb000000| PB 0x00000000cb000000| Untracked |  0
| 155|0x00000000cb100000, 0x00000000cb100000, 0x00000000cb200000|  0%| F|  |TAMS 0x00000000cb100000| PB 0x00000000cb100000| Untracked |  0
| 156|0x00000000cb200000, 0x00000000cb200000, 0x00000000cb300000|  0%| F|  |TAMS 0x00000000cb200000| PB 0x00000000cb200000| Untracked |  0
| 157|0x00000000cb300000, 0x00000000cb300000, 0x00000000cb400000|  0%| F|  |TAMS 0x00000000cb300000| PB 0x00000000cb300000| Untracked |  0
| 158|0x00000000cb400000, 0x00000000cb400000, 0x00000000cb500000|  0%| F|  |TAMS 0x00000000cb400000| PB 0x00000000cb400000| Untracked |  0
| 159|0x00000000cb500000, 0x00000000cb500000, 0x00000000cb600000|  0%| F|  |TAMS 0x00000000cb500000| PB 0x00000000cb500000| Untracked |  0
| 160|0x00000000cb600000, 0x00000000cb600000, 0x00000000cb700000|  0%| F|  |TAMS 0x00000000cb600000| PB 0x00000000cb600000| Untracked |  0
| 161|0x00000000cb700000, 0x00000000cb700000, 0x00000000cb800000|  0%| F|  |TAMS 0x00000000cb700000| PB 0x00000000cb700000| Untracked |  0
| 162|0x00000000cb800000, 0x00000000cb800000, 0x00000000cb900000|  0%| F|  |TAMS 0x00000000cb800000| PB 0x00000000cb800000| Untracked |  0
| 163|0x00000000cb900000, 0x00000000cb900000, 0x00000000cba00000|  0%| F|  |TAMS 0x00000000cb900000| PB 0x00000000cb900000| Untracked |  0
| 164|0x00000000cba00000, 0x00000000cba00000, 0x00000000cbb00000|  0%| F|  |TAMS 0x00000000cba00000| PB 0x00000000cba00000| Untracked |  0
| 165|0x00000000cbb00000, 0x00000000cbb00000, 0x00000000cbc00000|  0%| F|  |TAMS 0x00000000cbb00000| PB 0x00000000cbb00000| Untracked |  0
| 166|0x00000000cbc00000, 0x00000000cbc00000, 0x00000000cbd00000|  0%| F|  |TAMS 0x00000000cbc00000| PB 0x00000000cbc00000| Untracked |  0
| 167|0x00000000cbd00000, 0x00000000cbd00000, 0x00000000cbe00000|  0%| F|  |TAMS 0x00000000cbd00000| PB 0x00000000cbd00000| Untracked |  0
| 168|0x00000000cbe00000, 0x00000000cbf00000, 0x00000000cbf00000|100%|HS|  |TAMS 0x00000000cbf00000| PB 0x00000000cbe00000| Complete |  0
| 169|0x00000000cbf00000, 0x00000000cc000000, 0x00000000cc000000|100%|HC|  |TAMS 0x00000000cc000000| PB 0x00000000cbf00000| Complete |  0
| 170|0x00000000cc000000, 0x00000000cc100000, 0x00000000cc100000|100%|HC|  |TAMS 0x00000000cc100000| PB 0x00000000cc000000| Complete |  0
| 171|0x00000000cc100000, 0x00000000cc200000, 0x00000000cc200000|100%|HC|  |TAMS 0x00000000cc200000| PB 0x00000000cc100000| Complete |  0
| 172|0x00000000cc200000, 0x00000000cc300000, 0x00000000cc300000|100%|HC|  |TAMS 0x00000000cc300000| PB 0x00000000cc200000| Complete |  0
| 173|0x00000000cc300000, 0x00000000cc300000, 0x00000000cc400000|  0%| F|  |TAMS 0x00000000cc300000| PB 0x00000000cc300000| Untracked |  0
| 174|0x00000000cc400000, 0x00000000cc400000, 0x00000000cc500000|  0%| F|  |TAMS 0x00000000cc400000| PB 0x00000000cc400000| Untracked |  0
| 175|0x00000000cc500000, 0x00000000cc500000, 0x00000000cc600000|  0%| F|  |TAMS 0x00000000cc500000| PB 0x00000000cc500000| Untracked |  0
| 176|0x00000000cc600000, 0x00000000cc600000, 0x00000000cc700000|  0%| F|  |TAMS 0x00000000cc600000| PB 0x00000000cc600000| Untracked |  0
| 177|0x00000000cc700000, 0x00000000cc700000, 0x00000000cc800000|  0%| F|  |TAMS 0x00000000cc700000| PB 0x00000000cc700000| Untracked |  0
| 178|0x00000000cc800000, 0x00000000cc800000, 0x00000000cc900000|  0%| F|  |TAMS 0x00000000cc800000| PB 0x00000000cc800000| Untracked |  0
| 179|0x00000000cc900000, 0x00000000cc900000, 0x00000000cca00000|  0%| F|  |TAMS 0x00000000cc900000| PB 0x00000000cc900000| Untracked |  0
| 180|0x00000000cca00000, 0x00000000cca00000, 0x00000000ccb00000|  0%| F|  |TAMS 0x00000000cca00000| PB 0x00000000cca00000| Untracked |  0
| 181|0x00000000ccb00000, 0x00000000ccb00000, 0x00000000ccc00000|  0%| F|  |TAMS 0x00000000ccb00000| PB 0x00000000ccb00000| Untracked |  0
| 996|0x00000000ffa00000, 0x00000000ffb00000, 0x00000000ffb00000|100%| O|  |TAMS 0x00000000ffb00000| PB 0x00000000ffa00000| Untracked |  0
| 997|0x00000000ffb00000, 0x00000000ffc00000, 0x00000000ffc00000|100%| O|  |TAMS 0x00000000ffc00000| PB 0x00000000ffb00000| Untracked |  0
| 998|0x00000000ffc00000, 0x00000000ffd00000, 0x00000000ffd00000|100%| O|  |TAMS 0x00000000ffd00000| PB 0x00000000ffc00000| Untracked |  0
| 999|0x00000000ffd00000, 0x00000000ffe00000, 0x00000000ffe00000|100%| O|  |TAMS 0x00000000ffe00000| PB 0x00000000ffd00000| Untracked |  0
|1000|0x00000000ffe00000, 0x00000000fff00000, 0x00000000fff00000|100%| O|  |TAMS 0x00000000fff00000| PB 0x00000000ffe00000| Untracked |  0
|1001|0x00000000fff00000, 0x0000000100000000, 0x0000000100000000|100%| O|  |TAMS 0x0000000100000000| PB 0x00000000fff00000| Untracked |  0

Card table byte_map: [0x000001d6352c0000,0x000001d6354c0000] _byte_map_base: 0x000001d634cb5000

Marking Bits: (CMBitMap*) 0x000001d61d9ae0d0
 Bits: [0x000001d6354c0000, 0x000001d636468000)

Polling page: 0x000001d61b890000

Metaspace:

Usage:
  Non-class:     21.06 MB used.
      Class:      2.81 MB used.
       Both:     23.87 MB used.

Virtual space:
  Non-class space:       64.00 MB reserved,      21.44 MB ( 33%) committed,  1 nodes.
      Class space:        1.00 GB reserved,       3.06 MB ( <1%) committed,  1 nodes.
             Both:        1.06 GB reserved,      24.50 MB (  2%) committed. 

Chunk freelists:
   Non-Class:  10.58 MB
       Class:  12.95 MB
        Both:  23.54 MB

MaxMetaspaceSize: unlimited
CompressedClassSpaceSize: 1.00 GB
Initial GC threshold: 21.00 MB
Current GC threshold: 35.25 MB
CDS: on
 - commit_granule_bytes: 65536.
 - commit_granule_words: 8192.
 - virtual_space_node_default_size: 8388608.
 - enlarge_chunks_in_place: 1.
 - use_allocation_guard: 0.


Internal statistics:

num_allocs_failed_limit: 3.
num_arena_births: 814.
num_arena_deaths: 0.
num_vsnodes_births: 2.
num_vsnodes_deaths: 0.
num_space_committed: 392.
num_space_uncommitted: 0.
num_chunks_returned_to_freelist: 3.
num_chunks_taken_from_freelist: 1198.
num_chunk_merges: 0.
num_chunk_splits: 724.
num_chunks_enlarged: 333.
num_inconsistent_stats: 0.

CodeHeap 'non-profiled nmethods': size=120064Kb used=1645Kb max_used=1645Kb free=118419Kb
 bounds [0x000001d62db80000, 0x000001d62ddf0000, 0x000001d6350c0000]
CodeHeap 'profiled nmethods': size=120000Kb used=6941Kb max_used=6941Kb free=113058Kb
 bounds [0x000001d6260c0000, 0x000001d626790000, 0x000001d62d5f0000]
CodeHeap 'non-nmethods': size=5696Kb used=1825Kb max_used=1873Kb free=3870Kb
 bounds [0x000001d62d5f0000, 0x000001d62d860000, 0x000001d62db80000]
CodeCache: size=245760Kb, used=10411Kb, max_used=10459Kb, free=235347Kb
 total_blobs=5640, nmethods=4782, adapters=752, full_count=0
Compilation: enabled, stopped_count=0, restarted_count=0

Compilation events (20 events):
Event: 42.634 Thread 0x000001d6389e84c0 nmethod 4775 0x000001d62dd16e88 code [0x000001d62dd16fa0, 0x000001d62dd172b8]
Event: 42.634 Thread 0x000001d6389e84c0 4780       4       java.lang.ScopedValue::scopedValueBindings (65 bytes)
Event: 42.635 Thread 0x000001d6389e84c0 nmethod 4780 0x000001d62dd17308 code [0x000001d62dd17420, 0x000001d62dd174f8]
Event: 42.635 Thread 0x000001d6389e84c0 4777       4       jdk.internal.foreign.HeapMemorySegmentImpl$OfFloat::unsafeGetOffset (5 bytes)
Event: 42.635 Thread 0x000001d6389e84c0 nmethod 4777 0x000001d62dd17608 code [0x000001d62dd17700, 0x000001d62dd17780]
Event: 42.635 Thread 0x000001d6389e84c0 4778       4       jdk.internal.foreign.HeapMemorySegmentImpl$OfChar::unsafeGetOffset (5 bytes)
Event: 42.636 Thread 0x000001d6389e84c0 nmethod 4778 0x000001d62dd17908 code [0x000001d62dd17a00, 0x000001d62dd17a80]
Event: 42.636 Thread 0x000001d6389e84c0 4781       4       jdk.internal.foreign.ArenaImpl::allocateNoInit (19 bytes)
Event: 42.644 Thread 0x000001d6389e84c0 nmethod 4781 0x000001d62dd17c08 code [0x000001d62dd17da0, 0x000001d62dd186b8]
Event: 42.644 Thread 0x000001d6389e84c0 4794   !   4       java.util.WeakHashMap::expungeStaleEntries (139 bytes)
Event: 42.654 Thread 0x000001d6389e84c0 nmethod 4794 0x000001d62dd18808 code [0x000001d62dd189a0, 0x000001d62dd19148]
Event: 42.654 Thread 0x000001d6389e84c0 4779       4       jdk.internal.foreign.SegmentFactories$1::cleanup (34 bytes)
Event: 42.655 Thread 0x000001d6389e84c0 nmethod 4779 0x000001d62dd19208 code [0x000001d62dd19320, 0x000001d62dd19428]
Event: 42.655 Thread 0x000001d6389e84c0 4782       4       jdk.internal.foreign.Utils::checkAlign (44 bytes)
Event: 42.656 Thread 0x000001d6389e84c0 nmethod 4782 0x000001d62dd19508 code [0x000001d62dd19600, 0x000001d62dd196c8]
Event: 42.656 Thread 0x000001d6389e84c0 4783       4       jdk.internal.foreign.SegmentFactories::allocateSegment (144 bytes)
Event: 42.664 Thread 0x000001d6389e84c0 nmethod 4783 0x000001d62dd19808 code [0x000001d62dd19980, 0x000001d62dd1a1b8]
Event: 42.664 Thread 0x000001d6389e84c0 4798   !   4       sun.font.FontDesignMetrics::getMetrics (265 bytes)
Event: 42.686 Thread 0x000001d6389e84c0 nmethod 4798 0x000001d62dd1a308 code [0x000001d62dd1a520, 0x000001d62dd1b300]
Event: 42.686 Thread 0x000001d6389e84c0 4800       4       java.awt.font.TextLine::getComponents (243 bytes)

GC Heap History (20 events):
Event: 38.667 GC heap after
{Heap after GC invocations=4 (full 0):
 garbage-first heap   total reserved 1026048K, committed 65536K, used 23865K [0x00000000c1600000, 0x0000000100000000)
  region size 1024K, 2 young (2048K), 2 survivors (2048K)
 Metaspace       used 21057K, committed 21376K, reserved 1114112K
  class space    used 2443K, committed 2560K, reserved 1048576K
}
Event: 38.684 GC heap before
{Heap before GC invocations=4 (full 0):
 garbage-first heap   total reserved 1026048K, committed 65536K, used 26937K [0x00000000c1600000, 0x0000000100000000)
  region size 1024K, 3 young (3072K), 2 survivors (2048K)
 Metaspace       used 21070K, committed 21376K, reserved 1114112K
  class space    used 2443K, committed 2560K, reserved 1048576K
}
Event: 38.687 GC heap after
{Heap after GC invocations=5 (full 0):
 garbage-first heap   total reserved 1026048K, committed 65536K, used 24916K [0x00000000c1600000, 0x0000000100000000)
  region size 1024K, 2 young (2048K), 2 survivors (2048K)
 Metaspace       used 21070K, committed 21376K, reserved 1114112K
  class space    used 2443K, committed 2560K, reserved 1048576K
}
Event: 38.704 GC heap before
{Heap before GC invocations=5 (full 0):
 garbage-first heap   total reserved 1026048K, committed 65536K, used 31060K [0x00000000c1600000, 0x0000000100000000)
  region size 1024K, 4 young (4096K), 2 survivors (2048K)
 Metaspace       used 21073K, committed 21376K, reserved 1114112K
  class space    used 2443K, committed 2560K, reserved 1048576K
}
Event: 38.708 GC heap after
{Heap after GC invocations=6 (full 0):
 garbage-first heap   total reserved 1026048K, committed 65536K, used 26746K [0x00000000c1600000, 0x0000000100000000)
  region size 1024K, 2 young (2048K), 2 survivors (2048K)
 Metaspace       used 21073K, committed 21376K, reserved 1114112K
  class space    used 2443K, committed 2560K, reserved 1048576K
}
Event: 38.710 GC heap before
{Heap before GC invocations=6 (full 0):
 garbage-first heap   total reserved 1026048K, committed 65536K, used 28794K [0x00000000c1600000, 0x0000000100000000)
  region size 1024K, 2 young (2048K), 2 survivors (2048K)
 Metaspace       used 21073K, committed 21376K, reserved 1114112K
  class space    used 2443K, committed 2560K, reserved 1048576K
}
Event: 38.713 GC heap after
{Heap after GC invocations=7 (full 0):
 garbage-first heap   total reserved 1026048K, committed 65536K, used 28859K [0x00000000c1600000, 0x0000000100000000)
  region size 1024K, 2 young (2048K), 2 survivors (2048K)
 Metaspace       used 21073K, committed 21376K, reserved 1114112K
  class space    used 2443K, committed 2560K, reserved 1048576K
}
Event: 38.717 GC heap before
{Heap before GC invocations=7 (full 0):
 garbage-first heap   total reserved 1026048K, committed 65536K, used 32955K [0x00000000c1600000, 0x0000000100000000)
  region size 1024K, 3 young (3072K), 2 survivors (2048K)
 Metaspace       used 21073K, committed 21376K, reserved 1114112K
  class space    used 2443K, committed 2560K, reserved 1048576K
}
Event: 38.722 GC heap after
{Heap after GC invocations=8 (full 0):
 garbage-first heap   total reserved 1026048K, committed 172032K, used 30926K [0x00000000c1600000, 0x0000000100000000)
  region size 1024K, 2 young (2048K), 2 survivors (2048K)
 Metaspace       used 21073K, committed 21376K, reserved 1114112K
  class space    used 2443K, committed 2560K, reserved 1048576K
}
Event: 38.766 GC heap before
{Heap before GC invocations=8 (full 0):
 garbage-first heap   total reserved 1026048K, committed 172032K, used 55502K [0x00000000c1600000, 0x0000000100000000)
  region size 1024K, 3 young (3072K), 2 survivors (2048K)
 Metaspace       used 21219K, committed 21504K, reserved 1114112K
  class space    used 2458K, committed 2560K, reserved 1048576K
}
Event: 38.769 GC heap after
{Heap after GC invocations=9 (full 0):
 garbage-first heap   total reserved 1026048K, committed 172032K, used 35108K [0x00000000c1600000, 0x0000000100000000)
  region size 1024K, 2 young (2048K), 2 survivors (2048K)
 Metaspace       used 21219K, committed 21504K, reserved 1114112K
  class space    used 2458K, committed 2560K, reserved 1048576K
}
Event: 39.734 GC heap before
{Heap before GC invocations=10 (full 0):
 garbage-first heap   total reserved 1026048K, committed 181248K, used 179492K [0x00000000c1600000, 0x0000000100000000)
  region size 1024K, 15 young (15360K), 2 survivors (2048K)
 Metaspace       used 24103K, committed 24768K, reserved 1114112K
  class space    used 2875K, committed 3136K, reserved 1048576K
}
Event: 39.744 GC heap after
{Heap after GC invocations=11 (full 0):
 garbage-first heap   total reserved 1026048K, committed 186368K, used 50835K [0x00000000c1600000, 0x0000000100000000)
  region size 1024K, 5 young (5120K), 5 survivors (5120K)
 Metaspace       used 24103K, committed 24768K, reserved 1114112K
  class space    used 2875K, committed 3136K, reserved 1048576K
}
Event: 40.903 GC heap before
{Heap before GC invocations=11 (full 0):
 garbage-first heap   total reserved 1026048K, committed 186368K, used 162451K [0x00000000c1600000, 0x0000000100000000)
  region size 1024K, 109 young (111616K), 5 survivors (5120K)
 Metaspace       used 24440K, committed 25088K, reserved 1114112K
  class space    used 2877K, committed 3136K, reserved 1048576K
}
Event: 40.943 GC heap after
{Heap after GC invocations=12 (full 0):
 garbage-first heap   total reserved 1026048K, committed 192512K, used 73478K [0x00000000c1600000, 0x0000000100000000)
  region size 1024K, 14 young (14336K), 14 survivors (14336K)
 Metaspace       used 24440K, committed 25088K, reserved 1114112K
  class space    used 2877K, committed 3136K, reserved 1048576K
}
Event: 41.610 GC heap before
{Heap before GC invocations=12 (full 0):
 garbage-first heap   total reserved 1026048K, committed 192512K, used 118534K [0x00000000c1600000, 0x0000000100000000)
  region size 1024K, 58 young (59392K), 14 survivors (14336K)
 Metaspace       used 24445K, committed 25088K, reserved 1114112K
  class space    used 2878K, committed 3136K, reserved 1048576K
}
Event: 41.667 GC heap after
{Heap after GC invocations=13 (full 0):
 garbage-first heap   total reserved 1026048K, committed 192512K, used 88576K [0x00000000c1600000, 0x0000000100000000)
  region size 1024K, 8 young (8192K), 8 survivors (8192K)
 Metaspace       used 24445K, committed 25088K, reserved 1114112K
  class space    used 2878K, committed 3136K, reserved 1048576K
}
Event: 42.191 GC heap before
{Heap before GC invocations=13 (full 0):
 garbage-first heap   total reserved 1026048K, committed 192512K, used 139776K [0x00000000c1600000, 0x0000000100000000)
  region size 1024K, 58 young (59392K), 8 survivors (8192K)
 Metaspace       used 24445K, committed 25088K, reserved 1114112K
  class space    used 2878K, committed 3136K, reserved 1048576K
}
Event: 42.220 GC heap after
{Heap after GC invocations=14 (full 0):
 garbage-first heap   total reserved 1026048K, committed 192512K, used 107008K [0x00000000c1600000, 0x0000000100000000)
  region size 1024K, 8 young (8192K), 8 survivors (8192K)
 Metaspace       used 24445K, committed 25088K, reserved 1114112K
  class space    used 2878K, committed 3136K, reserved 1048576K
}
Event: 42.741 GC heap before
{Heap before GC invocations=14 (full 0):
 garbage-first heap   total reserved 1026048K, committed 192512K, used 152064K [0x00000000c1600000, 0x0000000100000000)
  region size 1024K, 52 young (53248K), 8 survivors (8192K)
 Metaspace       used 24445K, committed 25088K, reserved 1114112K
  class space    used 2878K, committed 3136K, reserved 1048576K
}

Dll operation events (16 events):
Event: 0.024 Loaded shared library C:\Users\Majid\.jdks\openjdk-23.0.1\bin\java.dll
Event: 0.160 Loaded shared library C:\Users\Majid\.jdks\openjdk-23.0.1\bin\jsvml.dll
Event: 0.261 Loaded shared library C:\Users\Majid\.jdks\openjdk-23.0.1\bin\zip.dll
Event: 0.267 Loaded shared library C:\Users\Majid\.jdks\openjdk-23.0.1\bin\instrument.dll
Event: 0.278 Loaded shared library C:\Users\Majid\.jdks\openjdk-23.0.1\bin\net.dll
Event: 0.281 Loaded shared library C:\Users\Majid\.jdks\openjdk-23.0.1\bin\nio.dll
Event: 0.292 Loaded shared library C:\Users\Majid\.jdks\openjdk-23.0.1\bin\zip.dll
Event: 0.352 Loaded shared library C:\Program Files\JetBrains\IntelliJ IDEA Community Edition 2024.3.2\bin\breakgen64.dll
Event: 0.381 Loaded shared library C:\Users\Majid\.jdks\openjdk-23.0.1\bin\extnet.dll
Event: 0.410 Loaded shared library C:\Users\Majid\.jdks\openjdk-23.0.1\bin\jimage.dll
Event: 0.449 Loaded shared library C:\Users\Majid\.jdks\openjdk-23.0.1\bin\awt.dll
Event: 0.803 Loaded shared library C:\Users\Majid\.jdks\openjdk-23.0.1\bin\freetype.dll
Event: 0.806 Loaded shared library C:\Users\Majid\.jdks\openjdk-23.0.1\bin\fontmanager.dll
Event: 26.990 Loaded shared library C:\Users\Majid\.jdks\openjdk-23.0.1\bin\sunmscapi.dll
Event: 39.213 Loaded shared library C:\Windows\System32\ucrtbase.dll
Event: 39.216 Loaded shared library C:\Users\Majid\.jdks\openjdk-23.0.1\bin\syslookup.dll

Deoptimization events (20 events):
Event: 41.192 Thread 0x000001d638d85a00 Uncommon trap: trap_request=0xffffffbe fr.pc=0x000001d62dcf2f74 relative=0x0000000000000c74
Event: 41.192 Thread 0x000001d638d85a00 Uncommon trap: reason=profile_predicate action=maybe_recompile pc=0x000001d62dcf2f74 method=sun.font.HBShaper.store_layout_results(IIIFFFIILjava/lang/foreign/MemorySegment;Ljava/lang/foreign/MemorySegment;)V @ 185 c2
Event: 41.192 Thread 0x000001d638d85a00 DEOPT PACKING pc=0x000001d62dcf2f74 sp=0x0000004e9f4fc750
Event: 41.192 Thread 0x000001d638d85a00 DEOPT UNPACKING pc=0x000001d62d644402 sp=0x0000004e9f4fc648 mode 2
Event: 41.192 Thread 0x000001d638d85a00 Uncommon trap: trap_request=0xffffffbe fr.pc=0x000001d62dcf2f74 relative=0x0000000000000c74
Event: 41.192 Thread 0x000001d638d85a00 Uncommon trap: reason=profile_predicate action=maybe_recompile pc=0x000001d62dcf2f74 method=sun.font.HBShaper.store_layout_results(IIIFFFIILjava/lang/foreign/MemorySegment;Ljava/lang/foreign/MemorySegment;)V @ 185 c2
Event: 41.193 Thread 0x000001d638d85a00 DEOPT PACKING pc=0x000001d62dcf2f74 sp=0x0000004e9f4fc790
Event: 41.193 Thread 0x000001d638d85a00 DEOPT UNPACKING pc=0x000001d62d644402 sp=0x0000004e9f4fc688 mode 2
Event: 41.193 Thread 0x000001d638d85a00 Uncommon trap: trap_request=0xffffffbe fr.pc=0x000001d62dcf2f74 relative=0x0000000000000c74
Event: 41.193 Thread 0x000001d638d85a00 Uncommon trap: reason=profile_predicate action=maybe_recompile pc=0x000001d62dcf2f74 method=sun.font.HBShaper.store_layout_results(IIIFFFIILjava/lang/foreign/MemorySegment;Ljava/lang/foreign/MemorySegment;)V @ 185 c2
Event: 41.193 Thread 0x000001d638d85a00 DEOPT PACKING pc=0x000001d62dcf2f74 sp=0x0000004e9f4fc750
Event: 41.193 Thread 0x000001d638d85a00 DEOPT UNPACKING pc=0x000001d62d644402 sp=0x0000004e9f4fc648 mode 2
Event: 41.193 Thread 0x000001d638d85a00 Uncommon trap: trap_request=0xffffffbe fr.pc=0x000001d62dcf2f74 relative=0x0000000000000c74
Event: 41.193 Thread 0x000001d638d85a00 Uncommon trap: reason=profile_predicate action=maybe_recompile pc=0x000001d62dcf2f74 method=sun.font.HBShaper.store_layout_results(IIIFFFIILjava/lang/foreign/MemorySegment;Ljava/lang/foreign/MemorySegment;)V @ 185 c2
Event: 41.193 Thread 0x000001d638d85a00 DEOPT PACKING pc=0x000001d62dcf2f74 sp=0x0000004e9f4fc790
Event: 41.193 Thread 0x000001d638d85a00 DEOPT UNPACKING pc=0x000001d62d644402 sp=0x0000004e9f4fc688 mode 2
Event: 41.682 Thread 0x000001d638d85a00 Uncommon trap: trap_request=0xffffff45 fr.pc=0x000001d62dceb1ec relative=0x000000000000048c
Event: 41.682 Thread 0x000001d638d85a00 Uncommon trap: reason=unstable_if action=reinterpret pc=0x000001d62dceb1ec method=sun.font.ScriptRun.next()Z @ 254 c2
Event: 41.682 Thread 0x000001d638d85a00 DEOPT PACKING pc=0x000001d62dceb1ec sp=0x0000004e9f4fdc20
Event: 41.682 Thread 0x000001d638d85a00 DEOPT UNPACKING pc=0x000001d62d644402 sp=0x0000004e9f4fdb98 mode 2

Classes loaded (20 events):
Event: 39.543 Loading class sun/font/StandardGlyphVector
Event: 39.545 Loading class java/awt/font/GlyphVector
Event: 39.545 Loading class java/awt/font/GlyphVector done
Event: 39.546 Loading class sun/font/StandardGlyphVector done
Event: 39.546 Loading class sun/font/StandardGlyphVector$GlyphStrike
Event: 39.547 Loading class sun/font/StandardGlyphVector$GlyphStrike done
Event: 39.547 Loading class sun/font/DelegatingShape
Event: 39.547 Loading class sun/font/DelegatingShape done
Event: 39.556 Loading class java/awt/font/TextLine$TextLineMetrics
Event: 39.556 Loading class java/awt/font/TextLine$TextLineMetrics done
Event: 39.556 Loading class java/awt/font/TextLayout
Event: 39.558 Loading class java/awt/font/TextLayout done
Event: 39.558 Loading class java/awt/font/TextLayout$CaretPolicy
Event: 39.558 Loading class java/awt/font/TextLayout$CaretPolicy done
Event: 39.558 Loading class javax/swing/text/GlyphPainter2
Event: 39.559 Loading class javax/swing/text/GlyphView$GlyphPainter
Event: 39.559 Loading class javax/swing/text/GlyphView$GlyphPainter done
Event: 39.559 Loading class javax/swing/text/GlyphPainter2 done
Event: 39.589 Loading class java/lang/CharacterData01
Event: 39.590 Loading class java/lang/CharacterData01 done

Classes unloaded (0 events):
No events

Classes redefined (0 events):
No events

Internal exceptions (20 events):
Event: 39.478 Thread 0x000001d638d85a00 Exception <a 'java/lang/NoSuchMethodError'{0x00000000cb476fc8}: 'int java.lang.invoke.DirectMethodHandle$Holder.invokeStatic(java.lang.Object, java.lang.Object, int, java.lang.Object)'> (0x00000000cb476fc8) 
thrown [s\open\src\hotspot\share\interpreter\linkResolver.cpp, line 796]
Event: 39.479 Thread 0x000001d638d85a00 Exception <a 'java/lang/NoSuchMethodError'{0x00000000cb47ade0}: 'int java.lang.invoke.DirectMethodHandle$Holder.invokeSpecial(java.lang.Object, java.lang.Object, java.lang.Object, int, java.lang.Object)'> (0x00000000cb47ade0) 
thrown [s\open\src\hotspot\share\interpreter\linkResolver.cpp, line 796]
Event: 39.479 Thread 0x000001d638d85a00 Exception <a 'java/lang/NoSuchMethodError'{0x00000000cb47e5a0}: 'int java.lang.invoke.DelegatingMethodHandle$Holder.reinvoke_L(java.lang.Object, java.lang.Object, int, java.lang.Object)'> (0x00000000cb47e5a0) 
thrown [s\open\src\hotspot\share\interpreter\linkResolver.cpp, line 796]
Event: 39.484 Thread 0x000001d638d85a00 Exception <a 'java/lang/NoSuchMethodError'{0x00000000cb497288}: 'int java.lang.invoke.DelegatingMethodHandle$Holder.reinvoke_L(java.lang.Object, java.lang.Object, int, long)'> (0x00000000cb497288) 
thrown [s\open\src\hotspot\share\interpreter\linkResolver.cpp, line 796]
Event: 39.485 Thread 0x000001d638d85a00 Exception <a 'java/lang/NoSuchMethodError'{0x00000000cb49df58}: 'int java.lang.invoke.DirectMethodHandle$Holder.invokeSpecial(java.lang.Object, java.lang.Object, int, long)'> (0x00000000cb49df58) 
thrown [s\open\src\hotspot\share\interpreter\linkResolver.cpp, line 796]
Event: 39.486 Thread 0x000001d638d85a00 Exception <a 'java/lang/NoSuchMethodError'{0x00000000cb4a1548}: 'int java.lang.invoke.Invokers$Holder.exactInvoker(java.lang.Object, java.lang.Object, int, long)'> (0x00000000cb4a1548) 
thrown [s\open\src\hotspot\share\interpreter\linkResolver.cpp, line 796]
Event: 39.486 Thread 0x000001d638d85a00 Exception <a 'java/lang/NoSuchMethodError'{0x00000000cb4a50d0}: 'int java.lang.invoke.DelegatingMethodHandle$Holder.delegate(java.lang.Object, java.lang.Object, int, long)'> (0x00000000cb4a50d0) 
thrown [s\open\src\hotspot\share\interpreter\linkResolver.cpp, line 796]
Event: 39.494 Thread 0x000001d638d85a00 Exception <a 'java/lang/NoSuchMethodError'{0x00000000cb4c4ad0}: 'void java.lang.invoke.DirectMethodHandle$Holder.invokeSpecial(java.lang.Object, java.lang.Object, float, java.lang.Object, java.lang.Object, java.lang.Object, int, int, int, int, int, float, float, int, int, java.lang.Object, java.lang.Object)'> (0x00000000cb4c4ad0) 
thrown [s\open\src\hotspot\share\interpreter\linkResolver.cpp, line 796]
Event: 39.495 Thread 0x000001d638d85a00 Exception <a 'java/lang/NoSuchMethodError'{0x00000000cb4d4ad0}: 'int java.lang.invoke.DirectMethodHandle$Holder.invokeSpecial(java.lang.Object, java.lang.Object, int, java.lang.Object)'> (0x00000000cb4d4ad0) 
thrown [s\open\src\hotspot\share\interpreter\linkResolver.cpp, line 796]
Event: 39.496 Thread 0x000001d638d85a00 Exception <a 'java/lang/NoSuchMethodError'{0x00000000cb4d8100}: 'int java.lang.invoke.Invokers$Holder.invokeExact_MT(java.lang.Object, int, java.lang.Object, java.lang.Object)'> (0x00000000cb4d8100) 
thrown [s\open\src\hotspot\share\interpreter\linkResolver.cpp, line 796]
Event: 39.496 Thread 0x000001d638d85a00 Exception <a 'java/lang/NoSuchMethodError'{0x00000000cb4dbc38}: 'java.lang.Object java.lang.invoke.Invokers$Holder.invokeExact_MT(java.lang.Object, long, java.lang.Object)'> (0x00000000cb4dbc38) 
thrown [s\open\src\hotspot\share\interpreter\linkResolver.cpp, line 796]
Event: 39.499 Thread 0x000001d638d85a00 Exception <a 'java/lang/NoSuchMethodError'{0x00000000cb4efc70}: 'java.lang.Object java.lang.invoke.DelegatingMethodHandle$Holder.reinvoke_L(java.lang.Object, long, long, long)'> (0x00000000cb4efc70) 
thrown [s\open\src\hotspot\share\interpreter\linkResolver.cpp, line 796]
Event: 39.502 Thread 0x000001d638d85a00 Exception <a 'java/lang/NoSuchMethodError'{0x00000000cb305440}: 'java.lang.Object java.lang.invoke.DirectMethodHandle$Holder.invokeStatic(java.lang.Object, java.lang.Object, java.lang.Object, java.lang.Object, long, long)'> (0x00000000cb305440) 
thrown [s\open\src\hotspot\share\interpreter\linkResolver.cpp, line 796]
Event: 39.508 Thread 0x000001d638d85a00 Exception <a 'java/lang/NoSuchMethodError'{0x00000000cb330988}: 'void java.lang.invoke.DelegatingMethodHandle$Holder.reinvoke_L(java.lang.Object, java.lang.Object, java.lang.Object, long, long)'> (0x00000000cb330988) 
thrown [s\open\src\hotspot\share\interpreter\linkResolver.cpp, line 796]
Event: 39.509 Thread 0x000001d638d85a00 Exception <a 'java/lang/NoSuchMethodError'{0x00000000cb33b740}: 'void java.lang.invoke.DirectMethodHandle$Holder.invokeSpecial(java.lang.Object, java.lang.Object, java.lang.Object, long)'> (0x00000000cb33b740) 
thrown [s\open\src\hotspot\share\interpreter\linkResolver.cpp, line 796]
Event: 39.519 Thread 0x000001d638d85a00 Exception <a 'java/lang/NoSuchMethodError'{0x00000000cb3612d0}: 'void java.lang.invoke.DelegatingMethodHandle$Holder.reinvoke_L(java.lang.Object, java.lang.Object, java.lang.Object, long, int)'> (0x00000000cb3612d0) 
thrown [s\open\src\hotspot\share\interpreter\linkResolver.cpp, line 796]
Event: 39.522 Thread 0x000001d638d85a00 Exception <a 'java/lang/NoSuchMethodError'{0x00000000cb375f20}: 'int java.lang.invoke.Invokers$Holder.invokeExact_MT(java.lang.Object, java.lang.Object, java.lang.Object, int, java.lang.Object, java.lang.Object)'> (0x00000000cb375f20) 
thrown [s\open\src\hotspot\share\interpreter\linkResolver.cpp, line 796]
Event: 39.533 Thread 0x000001d638d85a00 Exception <a 'java/lang/NoSuchMethodError'{0x00000000cb38b438}: 'int java.lang.invoke.DelegatingMethodHandle$Holder.reinvoke_L(java.lang.Object, java.lang.Object, java.lang.Object, long)'> (0x00000000cb38b438) 
thrown [s\open\src\hotspot\share\interpreter\linkResolver.cpp, line 796]
Event: 39.536 Thread 0x000001d638d85a00 Exception <a 'java/lang/NoSuchMethodError'{0x00000000cb3abfd8}: 'java.lang.Object java.lang.invoke.DirectMethodHandle$Holder.invokeStatic(java.lang.Object, java.lang.Object, java.lang.Object, java.lang.Object, java.lang.Object, java.lang.Object, java.lang.Object, long)'> (0x00000000cb3abfd8) 
thrown [s\open\src\hotspot\share\interpreter\linkResolver.cpp, line 796]
Event: 39.628 Thread 0x000001d638d85a00 Exception <a 'java/lang/NoSuchMethodError'{0x00000000cb2b73a0}: 'int java.lang.invoke.Invokers$Holder.invokeExact_MT(java.lang.Object, java.lang.Object, java.lang.Object, int, int, java.lang.Object, java.lang.Object, java.lang.Object)'> (0x00000000cb2b73a0) 
thrown [s\open\src\hotspot\share\interpreter\linkResolver.cpp, line 796]

VM Operations (20 events):
Event: 38.769 Executing VM operation: CollectForMetadataAllocation (Metadata GC Threshold) done
Event: 38.793 Executing VM operation: G1PauseRemark
Event: 38.797 Executing VM operation: G1PauseRemark done
Event: 38.807 Executing VM operation: G1PauseCleanup
Event: 38.815 Executing VM operation: G1PauseCleanup done
Event: 39.208 Executing VM operation: HandshakeAllThreads (Deoptimize)
Event: 39.208 Executing VM operation: HandshakeAllThreads (Deoptimize) done
Event: 39.451 Executing VM operation: HandshakeAllThreads (Deoptimize)
Event: 39.451 Executing VM operation: HandshakeAllThreads (Deoptimize) done
Event: 39.457 Executing VM operation: HandshakeAllThreads (Deoptimize)
Event: 39.457 Executing VM operation: HandshakeAllThreads (Deoptimize) done
Event: 39.734 Executing VM operation: G1CollectForAllocation (G1 Evacuation Pause)
Event: 39.744 Executing VM operation: G1CollectForAllocation (G1 Evacuation Pause) done
Event: 40.903 Executing VM operation: G1CollectForAllocation (G1 Evacuation Pause)
Event: 40.943 Executing VM operation: G1CollectForAllocation (G1 Evacuation Pause) done
Event: 41.610 Executing VM operation: G1CollectForAllocation (G1 Evacuation Pause)
Event: 41.667 Executing VM operation: G1CollectForAllocation (G1 Evacuation Pause) done
Event: 42.191 Executing VM operation: G1CollectForAllocation (G1 Evacuation Pause)
Event: 42.220 Executing VM operation: G1CollectForAllocation (G1 Evacuation Pause) done
Event: 42.741 Executing VM operation: G1CollectForAllocation (G1 Evacuation Pause)

Memory protections (0 events):
No events

Nmethod flushes (0 events):
No events

Events (20 events):
Event: 0.149 Thread 0x000001d61b69eaa0 Thread added: 0x000001d6389e3800
Event: 0.149 Thread 0x000001d61b69eaa0 Thread added: 0x000001d6389e6270
Event: 0.149 Thread 0x000001d61b69eaa0 Thread added: 0x000001d6389e6cd0
Event: 0.149 Thread 0x000001d61b69eaa0 Thread added: 0x000001d6389e7730
Event: 0.150 Thread 0x000001d61b69eaa0 Thread added: 0x000001d6389e84c0
Event: 0.152 Thread 0x000001d61b69eaa0 Thread added: 0x000001d6389eccf0
Event: 0.208 Thread 0x000001d61b69eaa0 Thread added: 0x000001d6389dc590
Event: 0.353 Thread 0x000001d61b69eaa0 Thread added: 0x000001d638c9f1f0
Event: 0.353 Thread 0x000001d61b69eaa0 Thread added: 0x000001d638ca5010
Event: 0.591 Thread 0x000001d61b69eaa0 Thread added: 0x000001d638d72e80
Event: 0.594 Thread 0x000001d61b69eaa0 Thread added: 0x000001d638d73e70
Event: 0.597 Thread 0x000001d61b69eaa0 Thread added: 0x000001d638d75650
Event: 0.615 Thread 0x000001d61b69eaa0 Thread added: 0x000001d638d85a00
Event: 0.616 Thread 0x000001d61b69eaa0 Thread exited: 0x000001d61b69eaa0
Event: 0.616 Thread 0x000001d61b69eaa0 Thread added: 0x000001d61b69eaa0
Event: 1.075 Thread 0x000001d638d85a00 Thread added: 0x000001d638e2cfe0
Event: 26.321 Thread 0x000001d638d85a00 Thread added: 0x000001d67e8dc160
Event: 27.056 Thread 0x000001d67e8dc160 Thread added: 0x000001d67e8dc7f0
Event: 27.778 Thread 0x000001d67e8dc7f0 Thread added: 0x000001d67e8dce80
Event: 27.797 Thread 0x000001d67e8dc7f0 Thread added: 0x000001d67eb90a40


Dynamic libraries:
0x00007ff7d0760000 - 0x00007ff7d076e000 	C:\Users\Majid\.jdks\openjdk-23.0.1\bin\java.exe
0x00007ffe75470000 - 0x00007ffe75668000 	C:\Windows\SYSTEM32\ntdll.dll
0x00007ffe73b30000 - 0x00007ffe73bef000 	C:\Windows\System32\KERNEL32.DLL
0x00007ffe730b0000 - 0x00007ffe733a6000 	C:\Windows\System32\KERNELBASE.dll
0x00007ffe72dd0000 - 0x00007ffe72ed0000 	C:\Windows\System32\ucrtbase.dll
0x00007ffe6cb30000 - 0x00007ffe6cb47000 	C:\Users\Majid\.jdks\openjdk-23.0.1\bin\jli.dll
0x00007ffe74b50000 - 0x00007ffe74ced000 	C:\Windows\System32\USER32.dll
0x00007ffe72c40000 - 0x00007ffe72c62000 	C:\Windows\System32\win32u.dll
0x00007ffe73a20000 - 0x00007ffe73a4c000 	C:\Windows\System32\GDI32.dll
0x00007ffe733b0000 - 0x00007ffe734c5000 	C:\Windows\System32\gdi32full.dll
0x00007ffe72f80000 - 0x00007ffe7301d000 	C:\Windows\System32\msvcp_win.dll
0x00007ffe6b770000 - 0x00007ffe6b78b000 	C:\Users\Majid\.jdks\openjdk-23.0.1\bin\VCRUNTIME140.dll
0x00007ffe60210000 - 0x00007ffe604aa000 	C:\Windows\WinSxS\amd64_microsoft.windows.common-controls_6595b64144ccf1df_6.0.19041.1110_none_60b5254171f9507e\COMCTL32.dll
0x00007ffe750b0000 - 0x00007ffe7514e000 	C:\Windows\System32\msvcrt.dll
0x00007ffe739f0000 - 0x00007ffe73a20000 	C:\Windows\System32\IMM32.DLL
0x00007ffe6e600000 - 0x00007ffe6e60c000 	C:\Users\Majid\.jdks\openjdk-23.0.1\bin\vcruntime140_1.dll
0x00007ffe52a80000 - 0x00007ffe52b0e000 	C:\Users\Majid\.jdks\openjdk-23.0.1\bin\msvcp140.dll
0x00007ffe07610000 - 0x00007ffe0835f000 	C:\Users\Majid\.jdks\openjdk-23.0.1\bin\server\jvm.dll
0x00007ffe73bf0000 - 0x00007ffe73c9f000 	C:\Windows\System32\ADVAPI32.dll
0x00007ffe74ed0000 - 0x00007ffe74f6c000 	C:\Windows\System32\sechost.dll
0x00007ffe75150000 - 0x00007ffe75276000 	C:\Windows\System32\RPCRT4.dll
0x00007ffe74e60000 - 0x00007ffe74ecb000 	C:\Windows\System32\WS2_32.dll
0x00007ffe729c0000 - 0x00007ffe72a0b000 	C:\Windows\SYSTEM32\POWRPROF.dll
0x00007ffe61c60000 - 0x00007ffe61c87000 	C:\Windows\SYSTEM32\WINMM.dll
0x00007ffe65e00000 - 0x00007ffe65e0a000 	C:\Windows\SYSTEM32\VERSION.dll
0x00007ffe729a0000 - 0x00007ffe729b2000 	C:\Windows\SYSTEM32\UMPDC.dll
0x00007ffe70a00000 - 0x00007ffe70a12000 	C:\Windows\SYSTEM32\kernel.appcore.dll
0x00007ffe6cd90000 - 0x00007ffe6cd9a000 	C:\Users\Majid\.jdks\openjdk-23.0.1\bin\jimage.dll
0x00007ffe640a0000 - 0x00007ffe64284000 	C:\Windows\SYSTEM32\DBGHELP.DLL
0x00007ffe64060000 - 0x00007ffe64094000 	C:\Windows\SYSTEM32\dbgcore.DLL
0x00007ffe73020000 - 0x00007ffe730a2000 	C:\Windows\System32\bcryptPrimitives.dll
0x00007ffe6cd60000 - 0x00007ffe6cd6f000 	C:\Users\Majid\.jdks\openjdk-23.0.1\bin\instrument.dll
0x00007ffe6b750000 - 0x00007ffe6b76e000 	C:\Users\Majid\.jdks\openjdk-23.0.1\bin\java.dll
0x00007ffe74880000 - 0x00007ffe749aa000 	C:\Windows\System32\ole32.dll
0x00007ffe73ca0000 - 0x00007ffe73ff4000 	C:\Windows\System32\combase.dll
0x00007ffe74000000 - 0x00007ffe74744000 	C:\Windows\System32\SHELL32.dll
0x00007ffe70c00000 - 0x00007ffe71393000 	C:\Windows\SYSTEM32\windows.storage.dll
0x00007ffe724c0000 - 0x00007ffe724ee000 	C:\Windows\SYSTEM32\Wldp.dll
0x00007ffe74750000 - 0x00007ffe747fd000 	C:\Windows\System32\SHCORE.dll
0x00007ffe74ad0000 - 0x00007ffe74b25000 	C:\Windows\System32\shlwapi.dll
0x00007ffe72a90000 - 0x00007ffe72aaf000 	C:\Windows\SYSTEM32\profapi.dll
0x00007ffe51730000 - 0x00007ffe51807000 	C:\Users\Majid\.jdks\openjdk-23.0.1\bin\jsvml.dll
0x00007ffe6b730000 - 0x00007ffe6b747000 	C:\Users\Majid\.jdks\openjdk-23.0.1\bin\zip.dll
0x00007ffe6b800000 - 0x00007ffe6b810000 	C:\Users\Majid\.jdks\openjdk-23.0.1\bin\net.dll
0x00007ffe72220000 - 0x00007ffe7228a000 	C:\Windows\system32\mswsock.dll
0x00007ffe6b710000 - 0x00007ffe6b726000 	C:\Users\Majid\.jdks\openjdk-23.0.1\bin\nio.dll
0x00007ffe66830000 - 0x00007ffe6684a000 	C:\Program Files\JetBrains\IntelliJ IDEA Community Edition 2024.3.2\bin\breakgen64.dll
0x00007ffe6b590000 - 0x00007ffe6b599000 	C:\Users\Majid\.jdks\openjdk-23.0.1\bin\extnet.dll
0x00007ffe0b5c0000 - 0x00007ffe0b74d000 	C:\Users\Majid\.jdks\openjdk-23.0.1\bin\awt.dll
0x00007ffe73a50000 - 0x00007ffe73b1d000 	C:\Windows\System32\OLEAUT32.dll
0x00007ffe703d0000 - 0x00007ffe70461000 	C:\Windows\SYSTEM32\apphelp.dll
0x00007ffe70530000 - 0x00007ffe705ce000 	C:\Windows\system32\uxtheme.dll
0x00007ffe749b0000 - 0x00007ffe74ac4000 	C:\Windows\System32\MSCTF.dll
0x00007ffe70710000 - 0x00007ffe7073f000 	C:\Windows\system32\DWMAPI.DLL
0x00007ffe61390000 - 0x00007ffe614b5000 	C:\Windows\system32\opengl32.dll
0x00007ffe616f0000 - 0x00007ffe6171c000 	C:\Windows\SYSTEM32\GLU32.dll
0x00007ffe512e0000 - 0x00007ffe51367000 	C:\Users\Majid\.jdks\openjdk-23.0.1\bin\freetype.dll
0x00007ffe4e810000 - 0x00007ffe4e8e7000 	C:\Users\Majid\.jdks\openjdk-23.0.1\bin\fontmanager.dll
0x00007ffe73940000 - 0x00007ffe739e9000 	C:\Windows\System32\clbcatq.dll
0x00007ffe6d6e0000 - 0x00007ffe6d894000 	C:\Windows\SYSTEM32\WindowsCodecs.dll
0x00007ffe72ba0000 - 0x00007ffe72bc7000 	C:\Windows\System32\bcrypt.dll
0x00007ffe5ad40000 - 0x00007ffe5ad7e000 	C:\Windows\system32\dataexchange.dll
0x00007ffe6f760000 - 0x00007ffe6f943000 	C:\Windows\system32\dcomp.dll
0x00007ffe6e820000 - 0x00007ffe6ea83000 	C:\Windows\system32\d3d11.dll
0x00007ffe71400000 - 0x00007ffe714f3000 	C:\Windows\system32\dxgi.dll
0x00007ffe6d8a0000 - 0x00007ffe6daa7000 	C:\Windows\system32\twinapi.appcore.dll
0x00007ffe61a50000 - 0x00007ffe61b49000 	C:\Windows\SYSTEM32\textinputframework.dll
0x00007ffe6fce0000 - 0x00007ffe7003e000 	C:\Windows\System32\CoreUIComponents.dll
0x00007ffe70040000 - 0x00007ffe70132000 	C:\Windows\System32\CoreMessaging.dll
0x00007ffe71c60000 - 0x00007ffe71c93000 	C:\Windows\SYSTEM32\ntmarta.dll
0x00007ffe6f600000 - 0x00007ffe6f754000 	C:\Windows\SYSTEM32\wintypes.dll
0x00007ffe52150000 - 0x00007ffe52445000 	C:\Windows\System32\uiautomationcore.dll
0x00007ffe6e6a0000 - 0x00007ffe6e796000 	C:\Windows\System32\PROPSYS.dll
0x00007ffe72430000 - 0x00007ffe7243c000 	C:\Windows\SYSTEM32\CRYPTBASE.DLL
0x00007ffe5d770000 - 0x00007ffe5d7d6000 	C:\Windows\System32\OLEACC.dll
0x00007ffe72410000 - 0x00007ffe72428000 	C:\Windows\SYSTEM32\CRYPTSP.dll
0x00007ffe71b40000 - 0x00007ffe71b74000 	C:\Windows\system32\rsaenh.dll
0x00007ffe72a50000 - 0x00007ffe72a7e000 	C:\Windows\SYSTEM32\USERENV.dll
0x00007ffe71f10000 - 0x00007ffe71f4c000 	C:\Windows\SYSTEM32\IPHLPAPI.DLL
0x00007ffe74b30000 - 0x00007ffe74b38000 	C:\Windows\System32\NSI.dll
0x00007ffe68e70000 - 0x00007ffe68e7e000 	C:\Users\Majid\.jdks\openjdk-23.0.1\bin\sunmscapi.dll
0x00007ffe72c70000 - 0x00007ffe72dce000 	C:\Windows\System32\CRYPT32.dll
0x00007ffe72530000 - 0x00007ffe72558000 	C:\Windows\SYSTEM32\ncrypt.dll
0x00007ffe724f0000 - 0x00007ffe7252b000 	C:\Windows\SYSTEM32\NTASN1.dll
0x00007ffe59750000 - 0x00007ffe59757000 	C:\Windows\system32\wshunix.dll
0x00007ffe71f50000 - 0x00007ffe7201a000 	C:\Windows\SYSTEM32\DNSAPI.dll
0x00000000637a0000 - 0x00000000637aa000 	C:\Program Files\National Instruments\Shared\mDNS Responder\nimdnsNSP.dll
0x0000000063790000 - 0x00000000637a0000 	C:\Windows\SYSTEM32\nimdnsResponder.dll
0x00007ffe65b40000 - 0x00007ffe65b4a000 	C:\Windows\System32\rasadhlp.dll
0x00007ffe65d70000 - 0x00007ffe65df2000 	C:\Windows\System32\fwpuclnt.dll
0x00007ffe66810000 - 0x00007ffe66819000 	C:\Users\Majid\.jdks\openjdk-23.0.1\bin\syslookup.dll

dbghelp: loaded successfully - version: 4.0.5 - missing functions: none
symbol engine: initialized successfully - sym options: 0x614 - pdb path: .;C:\Users\Majid\.jdks\openjdk-23.0.1\bin;C:\Windows\SYSTEM32;C:\Windows\WinSxS\amd64_microsoft.windows.common-controls_6595b64144ccf1df_6.0.19041.1110_none_60b5254171f9507e;C:\Users\Majid\.jdks\openjdk-23.0.1\bin\server;C:\Program Files\JetBrains\IntelliJ IDEA Community Edition 2024.3.2\bin;C:\Program Files\National Instruments\Shared\mDNS Responder

VM Arguments:
jvm_args: -javaagent:C:\Program Files\JetBrains\IntelliJ IDEA Community Edition 2024.3.2\lib\idea_rt.jar=53466:C:\Program Files\JetBrains\IntelliJ IDEA Community Edition 2024.3.2\bin -Dfile.encoding=UTF-8 -Dsun.stdout.encoding=UTF-8 -Dsun.stderr.encoding=UTF-8 
java_command: WebScraperApp
java_class_path (initial): C:\Users\Majid\Desktop\Web_Scraper\out\production\Web_Scraper;C:\Users\Majid\Desktop\Web_Scraper\lib\flatlaf-3.1.jar;C:\Users\Majid\Desktop\Web_Scraper\lib\json-20240303.jar;C:\Users\Majid\Desktop\Web_Scraper\lib\jsoup-1.21.2.jar
Launcher Type: SUN_STANDARD

[Global flags]
     intx CICompilerCount                          = 3                                         {product} {ergonomic}
     uint ConcGCThreads                            = 1                                         {product} {ergonomic}
     uint G1ConcRefinementThreads                  = 4                                         {product} {ergonomic}
   size_t G1HeapRegionSize                         = 1048576                                   {product} {ergonomic}
   size_t InitialHeapSize                          = 67108864                                  {product} {ergonomic}
   size_t MarkStackSize                            = 4194304                                   {product} {ergonomic}
   size_t MarkStackSizeMax                         = 536870912                                 {product} {ergonomic}
   size_t MaxHeapSize                              = 1050673152                                {product} {ergonomic}
   size_t MaxNewSize                               = 630194176                                 {product} {ergonomic}
   size_t MinHeapDeltaBytes                        = 1048576                                   {product} {ergonomic}
   size_t MinHeapSize                              = 8388608                                   {product} {ergonomic}
    uintx NonNMethodCodeHeapSize                   = 5832704                                {pd product} {ergonomic}
    uintx NonProfiledCodeHeapSize                  = 122945536                              {pd product} {ergonomic}
    uintx ProfiledCodeHeapSize                     = 122880000                              {pd product} {ergonomic}
    uintx ReservedCodeCacheSize                    = 251658240                              {pd product} {ergonomic}
     bool SegmentedCodeCache                       = true                                      {product} {ergonomic}
   size_t SoftMaxHeapSize                          = 1050673152                             {manageable} {ergonomic}
     bool UseCompressedOops                        = true                           {product lp64_product} {ergonomic}
     bool UseG1GC                                  = true                                      {product} {ergonomic}
     bool UseLargePagesIndividualAllocation        = false                                  {pd product} {ergonomic}

Logging:
Log output configuration:
 #0: stdout all=warning uptime,level,tags foldmultilines=false
 #1: stderr all=off uptime,level,tags foldmultilines=false

Environment Variables:
PATH=C:\Program Files\Python314\Scripts\;C:\Program Files\Python314\;C:\Program Files\Common Files\Oracle\Java\javapath;C:\Windows\system32;C:\Windows;C:\Windows\System32\Wbem;C:\Windows\System32\WindowsPowerShell\v1.0\;C:\Windows\System32\OpenSSH\;C:\Program Files\Java\jdk-23\bin;C:\Program Files\MySQL\MySQL Server 8.0\bin;C:\Program Files\Java\jdk-23\bin;C:\Program Files\MySQL\MySQL Shell 8.0\bin\;C:\Users\Majid\AppData\Local\Microsoft\WindowsApps;;C:\Users\Majid\AppData\Local\Programs\Microsoft VS Code\bin;C:\Program Files\JetBrains\IntelliJ IDEA Community Edition 2024.3.2\bin;
USERNAME=Majid
OS=Windows_NT
PROCESSOR_IDENTIFIER=Intel64 Family 6 Model 69 Stepping 1, GenuineIntel
TMP=C:\Users\Majid\AppData\Local\Temp
TEMP=C:\Users\Majid\AppData\Local\Temp




Periodic native trim disabled

---------------  S Y S T E M  ---------------

OS:
 Windows 10 , 64 bit Build 19041 (10.0.19041.3031)
OS uptime: 0 days 11:53 hours

CPU: total 4 (initial active 4) (2 cores per cpu, 2 threads per core) family 6 model 69 stepping 1 microcode 0x26, cx8, cmov, fxsr, ht, mmx, sse, sse2, sse3, ssse3, sse4.1, sse4.2, popcnt, lzcnt, tsc, tscinvbit, avx, avx2, aes, erms, clmul, bmi1, bmi2, fma, vzeroupper, clflush, rdtscp, f16c
Processor Information for the first 4 processors :
  Max Mhz: 2601, Current Mhz: 2601, Mhz Limit: 2601

Memory: 4k page, system-wide physical 4001M (329M free)
TotalPageFile size 16289M (AvailPageFile size 130M)
current process WorkingSet (physical memory assigned to process): 299M, peak: 302M
current process commit charge ("private bytes"): 328M, peak: 532M

vm_info: OpenJDK 64-Bit Server VM (23.0.1+11-39) for windows-amd64 JRE (23.0.1+11-39), built on 2024-09-30T07:20:43Z with MS VC++ 17.6 (VS2022)

END.
